0 verbose cli C:\Users\abel1\node.exe C:\Users\abel1\AppData\Roaming\npm\node_modules\npm\bin\npm-cli.js
1 info using npm@10.4.0
2 info using node@v20.11.0
3 timing npm:load:whichnode Completed in 4ms
4 timing config:load:defaults Completed in 10ms
5 timing config:load:file:C:\Users\abel1\AppData\Roaming\npm\node_modules\npm\npmrc Completed in 4ms
6 timing config:load:builtin Completed in 4ms
7 timing config:load:cli Completed in 5ms
8 timing config:load:env Completed in 2ms
9 timing config:load:project Completed in 4ms
10 timing config:load:file:C:\Users\abel1\.npmrc Completed in 1ms
11 timing config:load:user Completed in 1ms
12 timing config:load:file:C:\Users\abel1\AppData\Roaming\npm\etc\npmrc Completed in 0ms
13 timing config:load:global Completed in 1ms
14 timing config:load:setEnvs Completed in 2ms
15 timing config:load Completed in 31ms
16 timing npm:load:configload Completed in 31ms
17 timing config:load:flatten Completed in 3ms
18 timing npm:load:mkdirpcache Completed in 0ms
19 timing npm:load:mkdirplogs Completed in 1ms
20 verbose title npm create vite@latest frontend react
21 verbose argv "create" "vite@latest" "frontend" "--template" "react"
22 timing npm:load:setTitle Completed in 2ms
23 timing npm:load:display Completed in 2ms
24 verbose logfile logs-max:10 dir:C:\Users\abel1\Desktop\AbeGarageAppProject\CodeBase\Abegarage_main\C\_logs\2024-02-27T23_40_48_511Z-
25 verbose logfile C:\Users\abel1\Desktop\AbeGarageAppProject\CodeBase\Abegarage_main\C\_logs\2024-02-27T23_40_48_511Z-debug-0.log
26 timing npm:load:logFile Completed in 17ms
27 timing npm:load:timers Completed in 0ms
28 timing npm:load:configScope Completed in 0ms
29 timing npm:load Completed in 126ms
30 silly logfile done cleaning log files
31 timing arborist:ctor Completed in 1ms
32 http fetch GET 200 https://registry.npmjs.org/npm 254ms
33 http fetch GET 200 https://registry.npmjs.org/create-vite 189ms (cache miss)
34 timing arborist:ctor Completed in 0ms
35 timing arborist:ctor Completed in 0ms
36 timing idealTree:init Completed in 10ms
37 timing idealTree:userRequests Completed in 2ms
38 silly idealTree buildDeps
39 silly fetch manifest create-vite@5.2.1
40 http fetch GET 200 https://registry.npmjs.org/create-vite 77ms (cache miss)
41 silly placeDep ROOT create-vite@5.2.1 OK for:  want: 5.2.1
42 timing idealTree:#root Completed in 100ms
43 timing idealTree:node_modules/create-vite Completed in 0ms
44 timing idealTree:buildDeps Completed in 102ms
45 timing idealTree:fixDepFlags Completed in 0ms
46 timing idealTree Completed in 119ms
47 timing reify:loadTrees Completed in 119ms
48 timing reify:diffTrees Completed in 1ms
49 silly reify moves {}
50 timing reify:retireShallow Completed in 2ms
51 timing reify:createSparse Completed in 5ms
52 timing reify:loadBundles Completed in 0ms
53 silly audit bulk request { 'create-vite': [ '5.2.1' ] }
54 silly tarball no local data for create-vite@https://registry.npmjs.org/create-vite/-/create-vite-5.2.1.tgz. Extracting by manifest.
55 http fetch POST 200 https://registry.npmjs.org/-/npm/v1/security/advisories/bulk 124ms
56 timing auditReport:getReport Completed in 126ms
57 silly audit report {}
58 timing auditReport:init Completed in 0ms
59 timing reify:audit Completed in 127ms
60 http fetch GET 200 https://registry.npmjs.org/create-vite/-/create-vite-5.2.1.tgz 673ms (cache miss)
61 timing reifyNode:node_modules/create-vite Completed in 688ms
62 timing reify:unpack Completed in 689ms
63 timing reify:unretire Completed in 1ms
64 timing build:queue Completed in 2ms
65 timing build:link:node_modules/create-vite Completed in 15ms
66 timing build:link Completed in 16ms
67 timing build:deps Completed in 18ms
68 timing build Completed in 18ms
69 timing reify:build Completed in 18ms
70 timing reify:trash Completed in 0ms
71 timing reify:save Completed in 11ms
72 timing reify Completed in 859ms
73 timing command:create Completed in 41908ms
74 verbose exit 0
75 timing npm Completed in 42598ms
76 info ok
