0 verbose cli C:\Users\abel1\node.exe C:\Users\abel1\AppData\Roaming\npm\node_modules\npm\bin\npm-cli.js
1 info using npm@10.4.0
2 info using node@v20.11.0
3 timing npm:load:whichnode Completed in 3ms
4 timing config:load:defaults Completed in 2ms
5 timing config:load:file:C:\Users\abel1\AppData\Roaming\npm\node_modules\npm\npmrc Completed in 4ms
6 timing config:load:builtin Completed in 4ms
7 timing config:load:cli Completed in 2ms
8 timing config:load:env Completed in 0ms
9 timing config:load:file:C:\Users\abel1\Desktop\AbeGarageAppProject\CodeBase\Abegarage_main\backend\.npmrc Completed in 0ms
10 timing config:load:project Completed in 2ms
11 timing config:load:file:C:\Users\abel1\.npmrc Completed in 1ms
12 timing config:load:user Completed in 1ms
13 timing config:load:file:C:\Users\abel1\AppData\Roaming\npm\etc\npmrc Completed in 0ms
14 timing config:load:global Completed in 1ms
15 timing config:load:setEnvs Completed in 1ms
16 timing config:load Completed in 14ms
17 timing npm:load:configload Completed in 14ms
18 timing config:load:flatten Completed in 2ms
19 timing npm:load:mkdirpcache Completed in 1ms
20 timing npm:load:mkdirplogs Completed in 0ms
21 verbose title npm i jsonwebtoken
22 verbose argv "i" "jsonwebtoken"
23 timing npm:load:setTitle Completed in 1ms
24 timing npm:load:display Completed in 1ms
25 verbose logfile logs-max:10 dir:C:\Users\abel1\Desktop\AbeGarageAppProject\CodeBase\Abegarage_main\backend\C\_logs\2024-03-14T21_56_32_042Z-
26 verbose logfile C:\Users\abel1\Desktop\AbeGarageAppProject\CodeBase\Abegarage_main\backend\C\_logs\2024-03-14T21_56_32_042Z-debug-0.log
27 timing npm:load:logFile Completed in 9ms
28 timing npm:load:timers Completed in 0ms
29 timing npm:load:configScope Completed in 0ms
30 timing npm:load Completed in 68ms
31 timing arborist:ctor Completed in 0ms
32 silly logfile start cleaning logs, removing 2 files
33 timing idealTree:init Completed in 72ms
34 timing idealTree:userRequests Completed in 2ms
35 silly idealTree buildDeps
36 silly fetch manifest jsonwebtoken@*
37 silly logfile done cleaning log files
38 timing arborist:ctor Completed in 0ms
39 http fetch GET 200 https://registry.npmjs.org/jsonwebtoken 222ms (cache miss)
40 silly placeDep ROOT jsonwebtoken@9.0.2 OK for: backend@1.0.0 want: *
41 silly fetch manifest jws@^3.2.2
42 silly fetch manifest lodash.includes@^4.3.0
43 silly fetch manifest lodash.isboolean@^3.0.3
44 silly fetch manifest lodash.isinteger@^4.0.4
45 silly fetch manifest lodash.isnumber@^3.0.3
46 silly fetch manifest lodash.isplainobject@^4.0.6
47 silly fetch manifest lodash.isstring@^4.0.1
48 silly fetch manifest lodash.once@^4.0.0
49 silly fetch manifest ms@^2.1.1
50 http fetch GET 200 https://registry.npmjs.org/jws 81ms (cache miss)
51 http fetch GET 200 https://registry.npmjs.org/lodash.isboolean 139ms (cache miss)
52 http fetch GET 200 https://registry.npmjs.org/lodash.once 138ms (cache miss)
53 http fetch GET 200 https://registry.npmjs.org/lodash.isstring 140ms (cache miss)
54 http fetch GET 200 https://registry.npmjs.org/lodash.isnumber 142ms (cache miss)
55 http fetch GET 200 https://registry.npmjs.org/lodash.isplainobject 144ms (cache miss)
56 http fetch GET 200 https://registry.npmjs.org/ms 166ms (cache revalidated)
57 http fetch GET 200 https://registry.npmjs.org/lodash.isinteger 174ms (cache miss)
58 http fetch GET 200 https://registry.npmjs.org/lodash.includes 200ms (cache miss)
59 timing idealTree:#root Completed in 436ms
60 silly placeDep ROOT jws@3.2.2 OK for: jsonwebtoken@9.0.2 want: ^3.2.2
61 silly placeDep ROOT lodash.includes@4.3.0 OK for: jsonwebtoken@9.0.2 want: ^4.3.0
62 silly placeDep ROOT lodash.isboolean@3.0.3 OK for: jsonwebtoken@9.0.2 want: ^3.0.3
63 silly placeDep ROOT lodash.isinteger@4.0.4 OK for: jsonwebtoken@9.0.2 want: ^4.0.4
64 silly placeDep ROOT lodash.isnumber@3.0.3 OK for: jsonwebtoken@9.0.2 want: ^3.0.3
65 silly placeDep ROOT lodash.isplainobject@4.0.6 OK for: jsonwebtoken@9.0.2 want: ^4.0.6
66 silly placeDep ROOT lodash.isstring@4.0.1 OK for: jsonwebtoken@9.0.2 want: ^4.0.1
67 silly placeDep ROOT lodash.once@4.1.1 OK for: jsonwebtoken@9.0.2 want: ^4.0.0
68 silly placeDep node_modules/jsonwebtoken ms@2.1.3 OK for: jsonwebtoken@9.0.2 want: ^2.1.1
69 silly fetch manifest jwa@^1.4.1
70 http fetch GET 200 https://registry.npmjs.org/jwa 50ms (cache miss)
71 timing idealTree:node_modules/jsonwebtoken Completed in 75ms
72 silly placeDep ROOT jwa@1.4.1 OK for: jws@3.2.2 want: ^1.4.1
73 silly fetch manifest buffer-equal-constant-time@1.0.1
74 silly fetch manifest ecdsa-sig-formatter@1.0.11
75 http fetch GET 200 https://registry.npmjs.org/buffer-equal-constant-time 50ms (cache miss)
76 http fetch GET 200 https://registry.npmjs.org/ecdsa-sig-formatter 72ms (cache miss)
77 timing idealTree:node_modules/jws Completed in 76ms
78 silly placeDep ROOT buffer-equal-constant-time@1.0.1 OK for: jwa@1.4.1 want: 1.0.1
79 silly placeDep ROOT ecdsa-sig-formatter@1.0.11 OK for: jwa@1.4.1 want: 1.0.11
80 timing idealTree:node_modules/jwa Completed in 6ms
81 timing idealTree:node_modules/buffer-equal-constant-time Completed in 0ms
82 timing idealTree:node_modules/ecdsa-sig-formatter Completed in 0ms
83 timing idealTree:node_modules/lodash.includes Completed in 0ms
84 timing idealTree:node_modules/lodash.isboolean Completed in 0ms
85 timing idealTree:node_modules/lodash.isinteger Completed in 0ms
86 timing idealTree:node_modules/lodash.isnumber Completed in 0ms
87 timing idealTree:node_modules/lodash.isplainobject Completed in 0ms
88 timing idealTree:node_modules/lodash.isstring Completed in 0ms
89 timing idealTree:node_modules/lodash.once Completed in 0ms
90 timing idealTree:node_modules/jsonwebtoken/node_modules/ms Completed in 0ms
91 timing idealTree:buildDeps Completed in 596ms
92 timing idealTree:fixDepFlags Completed in 2ms
93 timing idealTree Completed in 677ms
94 timing reify:loadTrees Completed in 678ms
95 timing reify:diffTrees Completed in 18ms
96 silly reify moves {}
97 timing reify:retireShallow Completed in 2ms
98 timing reify:createSparse Completed in 7ms
99 timing reify:loadBundles Completed in 0ms
100 silly audit bulk request {
100 silly audit   '@mapbox/node-pre-gyp': [ '1.0.11' ],
100 silly audit   nopt: [ '5.0.0', '1.0.10' ],
100 silly audit   abbrev: [ '1.1.1' ],
100 silly audit   accepts: [ '1.3.8' ],
100 silly audit   'agent-base': [ '6.0.2' ],
100 silly audit   debug: [ '4.3.4', '2.6.9' ],
100 silly audit   ms: [ '2.1.2', '2.0.0', '2.1.3' ],
100 silly audit   'ansi-regex': [ '5.0.1' ],
100 silly audit   anymatch: [ '3.1.3' ],
100 silly audit   aproba: [ '2.0.0' ],
100 silly audit   'are-we-there-yet': [ '2.0.0' ],
100 silly audit   'array-flatten': [ '1.1.1' ],
100 silly audit   'balanced-match': [ '1.0.2' ],
100 silly audit   bcrypt: [ '5.1.1' ],
100 silly audit   'binary-extensions': [ '2.2.0' ],
100 silly audit   'body-parser': [ '1.20.1' ],
100 silly audit   'brace-expansion': [ '1.1.11' ],
100 silly audit   braces: [ '3.0.2' ],
100 silly audit   bytes: [ '3.1.2' ],
100 silly audit   'call-bind': [ '1.0.7' ],
100 silly audit   chokidar: [ '3.6.0' ],
100 silly audit   chownr: [ '2.0.0' ],
100 silly audit   'color-support': [ '1.1.3' ],
100 silly audit   'concat-map': [ '0.0.1' ],
100 silly audit   'console-control-strings': [ '1.1.0' ],
100 silly audit   'content-disposition': [ '0.5.4' ],
100 silly audit   'content-type': [ '1.0.5' ],
100 silly audit   cookie: [ '0.5.0' ],
100 silly audit   'cookie-signature': [ '1.0.6' ],
100 silly audit   cors: [ '2.8.5' ],
100 silly audit   'define-data-property': [ '1.1.4' ],
100 silly audit   delegates: [ '1.0.0' ],
100 silly audit   denque: [ '2.1.0' ],
100 silly audit   depd: [ '2.0.0' ],
100 silly audit   destroy: [ '1.2.0' ],
100 silly audit   'detect-libc': [ '2.0.2' ],
100 silly audit   dotenv: [ '16.4.5' ],
100 silly audit   'ee-first': [ '1.1.1' ],
100 silly audit   'emoji-regex': [ '8.0.0' ],
100 silly audit   encodeurl: [ '1.0.2' ],
100 silly audit   'es-define-property': [ '1.0.0' ],
100 silly audit   'es-errors': [ '1.3.0' ],
100 silly audit   'escape-html': [ '1.0.3' ],
100 silly audit   etag: [ '1.8.1' ],
100 silly audit   express: [ '4.18.2' ],
100 silly audit   'fill-range': [ '7.0.1' ],
100 silly audit   finalhandler: [ '1.2.0' ],
100 silly audit   forwarded: [ '0.2.0' ],
100 silly audit   fresh: [ '0.5.2' ],
100 silly audit   'fs-minipass': [ '2.1.0' ],
100 silly audit   minipass: [ '3.3.6', '5.0.0' ],
100 silly audit   'fs.realpath': [ '1.0.0' ],
100 silly audit   fsevents: [ '2.3.3' ],
100 silly audit   'function-bind': [ '1.1.2' ],
100 silly audit   gauge: [ '3.0.2' ],
100 silly audit   'generate-function': [ '2.3.1' ],
100 silly audit   'get-intrinsic': [ '1.2.4' ],
100 silly audit   glob: [ '7.2.3' ],
100 silly audit   'glob-parent': [ '5.1.2' ],
100 silly audit   gopd: [ '1.0.1' ],
100 silly audit   'has-flag': [ '3.0.0' ],
100 silly audit   'has-property-descriptors': [ '1.0.2' ],
100 silly audit   'has-proto': [ '1.0.3' ],
100 silly audit   'has-symbols': [ '1.0.3' ],
100 silly audit   'has-unicode': [ '2.0.1' ],
100 silly audit   hasown: [ '2.0.1' ],
100 silly audit   'http-errors': [ '2.0.0' ],
100 silly audit   'https-proxy-agent': [ '5.0.1' ],
100 silly audit   'iconv-lite': [ '0.4.24', '0.6.3' ],
100 silly audit   'ignore-by-default': [ '1.0.1' ],
100 silly audit   inflight: [ '1.0.6' ],
100 silly audit   inherits: [ '2.0.4' ],
100 silly audit   'ipaddr.js': [ '1.9.1' ],
100 silly audit   'is-binary-path': [ '2.1.0' ],
100 silly audit   'is-extglob': [ '2.1.1' ],
100 silly audit   'is-fullwidth-code-point': [ '3.0.0' ],
100 silly audit   'is-glob': [ '4.0.3' ],
100 silly audit   'is-number': [ '7.0.0' ],
100 silly audit   'is-property': [ '1.0.2' ],
100 silly audit   lodash: [ '4.17.21' ],
100 silly audit   long: [ '5.2.3' ],
100 silly audit   'lru-cache': [ '8.0.5', '7.18.3', '6.0.0' ],
100 silly audit   'make-dir': [ '3.1.0' ],
100 silly audit   semver: [ '6.3.1', '7.6.0' ],
100 silly audit   'media-typer': [ '0.3.0' ],
100 silly audit   'merge-descriptors': [ '1.0.1' ],
100 silly audit   methods: [ '1.1.2' ],
100 silly audit   mime: [ '1.6.0' ],
100 silly audit   'mime-db': [ '1.52.0' ],
100 silly audit   'mime-types': [ '2.1.35' ],
100 silly audit   minimatch: [ '3.1.2' ],
100 silly audit   minizlib: [ '2.1.2' ],
100 silly audit   mkdirp: [ '1.0.4' ],
100 silly audit   mysql2: [ '3.9.2' ],
100 silly audit   'named-placeholders': [ '1.1.3' ],
100 silly audit   negotiator: [ '0.6.3' ],
100 silly audit   'node-addon-api': [ '5.1.0' ],
100 silly audit   'node-fetch': [ '2.7.0' ],
100 silly audit   nodemon: [ '3.1.0' ],
100 silly audit   'normalize-path': [ '3.0.0' ],
100 silly audit   npmlog: [ '5.0.1' ],
100 silly audit   'object-assign': [ '4.1.1' ],
100 silly audit   'object-inspect': [ '1.13.1' ],
100 silly audit   'on-finished': [ '2.4.1' ],
100 silly audit   once: [ '1.4.0' ],
100 silly audit   parseurl: [ '1.3.3' ],
100 silly audit   'path-is-absolute': [ '1.0.1' ],
100 silly audit   'path-to-regexp': [ '0.1.7' ],
100 silly audit   picomatch: [ '2.3.1' ],
100 silly audit   'proxy-addr': [ '2.0.7' ],
100 silly audit   'pstree.remy': [ '1.1.8' ],
100 silly audit   qs: [ '6.11.0' ],
100 silly audit   'range-parser': [ '1.2.1' ],
100 silly audit   'raw-body': [ '2.5.1' ],
100 silly audit   'readable-stream': [ '3.6.2' ],
100 silly audit   readdirp: [ '3.6.0' ],
100 silly audit   rimraf: [ '3.0.2' ],
100 silly audit   'safe-buffer': [ '5.2.1' ],
100 silly audit   'safer-buffer': [ '2.1.2' ],
100 silly audit   sanitize: [ '2.1.2' ],
100 silly audit   send: [ '0.18.0' ],
100 silly audit   'seq-queue': [ '0.0.5' ],
100 silly audit   'serve-static': [ '1.15.0' ],
100 silly audit   'set-blocking': [ '2.0.0' ],
100 silly audit   'set-function-length': [ '1.2.1' ],
100 silly audit   setprototypeof: [ '1.2.0' ],
100 silly audit   'side-channel': [ '1.0.5' ],
100 silly audit   'signal-exit': [ '3.0.7' ],
100 silly audit   'simple-update-notifier': [ '2.0.0' ],
100 silly audit   sqlstring: [ '2.3.3' ],
100 silly audit   statuses: [ '2.0.1' ],
100 silly audit   string_decoder: [ '1.3.0' ],
100 silly audit   'string-width': [ '4.2.3' ],
100 silly audit   'strip-ansi': [ '6.0.1' ],
100 silly audit   'supports-color': [ '5.5.0' ],
100 silly audit   tar: [ '6.2.0' ],
100 silly audit   'to-regex-range': [ '5.0.1' ],
100 silly audit   toidentifier: [ '1.0.1' ],
100 silly audit   touch: [ '3.1.0' ],
100 silly audit   tr46: [ '0.0.3' ],
100 silly audit   'type-is': [ '1.6.18' ],
100 silly audit   undefsafe: [ '2.0.5' ],
100 silly audit   unpipe: [ '1.0.0' ],
100 silly audit   'util-deprecate': [ '1.0.2' ],
100 silly audit   'utils-merge': [ '1.0.1' ],
100 silly audit   validator: [ '13.11.0' ],
100 silly audit   vary: [ '1.1.2' ],
100 silly audit   'webidl-conversions': [ '3.0.1' ],
100 silly audit   'whatwg-url': [ '5.0.0' ],
100 silly audit   'wide-align': [ '1.1.5' ],
100 silly audit   wrappy: [ '1.0.2' ],
100 silly audit   yallist: [ '4.0.0' ],
100 silly audit   jsonwebtoken: [ '9.0.2' ],
100 silly audit   jws: [ '3.2.2' ],
100 silly audit   'lodash.includes': [ '4.3.0' ],
100 silly audit   'lodash.isboolean': [ '3.0.3' ],
100 silly audit   'lodash.isinteger': [ '4.0.4' ],
100 silly audit   'lodash.isnumber': [ '3.0.3' ],
100 silly audit   'lodash.isplainobject': [ '4.0.6' ],
100 silly audit   'lodash.isstring': [ '4.0.1' ],
100 silly audit   'lodash.once': [ '4.1.1' ],
100 silly audit   jwa: [ '1.4.1' ],
100 silly audit   'buffer-equal-constant-time': [ '1.0.1' ],
100 silly audit   'ecdsa-sig-formatter': [ '1.0.11' ]
100 silly audit }
101 verbose reify failed optional dependency C:\Users\abel1\Desktop\AbeGarageAppProject\CodeBase\Abegarage_main\backend\node_modules\fsevents
102 silly reify mark deleted [
102 silly reify   'C:\\Users\\abel1\\Desktop\\AbeGarageAppProject\\CodeBase\\Abegarage_main\\backend\\node_modules\\fsevents'
102 silly reify ]
103 timing reifyNode:node_modules/fsevents Completed in 8ms
104 silly tarball no local data for lodash.isstring@https://registry.npmjs.org/lodash.isstring/-/lodash.isstring-4.0.1.tgz. Extracting by manifest.
105 silly tarball no local data for buffer-equal-constant-time@https://registry.npmjs.org/buffer-equal-constant-time/-/buffer-equal-constant-time-1.0.1.tgz. Extracting by manifest.
106 silly tarball no local data for ecdsa-sig-formatter@https://registry.npmjs.org/ecdsa-sig-formatter/-/ecdsa-sig-formatter-1.0.11.tgz. Extracting by manifest.
107 silly tarball no local data for lodash.once@https://registry.npmjs.org/lodash.once/-/lodash.once-4.1.1.tgz. Extracting by manifest.
108 silly tarball no local data for jwa@https://registry.npmjs.org/jwa/-/jwa-1.4.1.tgz. Extracting by manifest.
109 silly tarball no local data for lodash.isnumber@https://registry.npmjs.org/lodash.isnumber/-/lodash.isnumber-3.0.3.tgz. Extracting by manifest.
110 silly tarball no local data for lodash.isinteger@https://registry.npmjs.org/lodash.isinteger/-/lodash.isinteger-4.0.4.tgz. Extracting by manifest.
111 silly tarball no local data for lodash.isboolean@https://registry.npmjs.org/lodash.isboolean/-/lodash.isboolean-3.0.3.tgz. Extracting by manifest.
112 silly tarball no local data for lodash.isplainobject@https://registry.npmjs.org/lodash.isplainobject/-/lodash.isplainobject-4.0.6.tgz. Extracting by manifest.
113 silly tarball no local data for jsonwebtoken@https://registry.npmjs.org/jsonwebtoken/-/jsonwebtoken-9.0.2.tgz. Extracting by manifest.
114 silly tarball no local data for jws@https://registry.npmjs.org/jws/-/jws-3.2.2.tgz. Extracting by manifest.
115 silly tarball no local data for lodash.includes@https://registry.npmjs.org/lodash.includes/-/lodash.includes-4.3.0.tgz. Extracting by manifest.
116 http fetch POST 200 https://registry.npmjs.org/-/npm/v1/security/advisories/bulk 151ms
117 timing auditReport:getReport Completed in 157ms
118 silly audit report {}
119 timing auditReport:init Completed in 0ms
120 timing reify:audit Completed in 158ms
121 timing reifyNode:node_modules/jsonwebtoken/node_modules/ms Completed in 178ms
122 http fetch GET 200 https://registry.npmjs.org/lodash.isnumber/-/lodash.isnumber-3.0.3.tgz 157ms (cache miss)
123 http fetch GET 200 https://registry.npmjs.org/lodash.isstring/-/lodash.isstring-4.0.1.tgz 165ms (cache miss)
124 timing reifyNode:node_modules/lodash.isstring Completed in 186ms
125 http fetch GET 200 https://registry.npmjs.org/lodash.isinteger/-/lodash.isinteger-4.0.4.tgz 160ms (cache miss)
126 http fetch GET 200 https://registry.npmjs.org/lodash.once/-/lodash.once-4.1.1.tgz 164ms (cache miss)
127 timing reifyNode:node_modules/lodash.isnumber Completed in 190ms
128 http fetch GET 200 https://registry.npmjs.org/lodash.isboolean/-/lodash.isboolean-3.0.3.tgz 162ms (cache miss)
129 timing reifyNode:node_modules/lodash.isboolean Completed in 190ms
130 timing reifyNode:node_modules/lodash.isinteger Completed in 192ms
131 timing reifyNode:node_modules/lodash.once Completed in 193ms
132 http fetch GET 200 https://registry.npmjs.org/jwa/-/jwa-1.4.1.tgz 180ms (cache miss)
133 timing reifyNode:node_modules/jwa Completed in 206ms
134 http fetch GET 200 https://registry.npmjs.org/buffer-equal-constant-time/-/buffer-equal-constant-time-1.0.1.tgz 204ms (cache miss)
135 timing reifyNode:node_modules/buffer-equal-constant-time Completed in 229ms
136 http fetch GET 200 https://registry.npmjs.org/ecdsa-sig-formatter/-/ecdsa-sig-formatter-1.0.11.tgz 209ms (cache miss)
137 timing reifyNode:node_modules/ecdsa-sig-formatter Completed in 238ms
138 http fetch GET 200 https://registry.npmjs.org/lodash.isplainobject/-/lodash.isplainobject-4.0.6.tgz 207ms (cache miss)
139 timing reifyNode:node_modules/lodash.isplainobject Completed in 241ms
140 http fetch GET 200 https://registry.npmjs.org/lodash.includes/-/lodash.includes-4.3.0.tgz 213ms (cache miss)
141 timing reifyNode:node_modules/lodash.includes Completed in 249ms
142 http fetch GET 200 https://registry.npmjs.org/jws/-/jws-3.2.2.tgz 220ms (cache miss)
143 timing reifyNode:node_modules/jws Completed in 256ms
144 http fetch GET 200 https://registry.npmjs.org/jsonwebtoken/-/jsonwebtoken-9.0.2.tgz 244ms (cache miss)
145 timing reifyNode:node_modules/jsonwebtoken Completed in 278ms
146 timing reify:unpack Completed in 280ms
147 timing reify:unretire Completed in 1ms
148 timing build:queue Completed in 2ms
149 timing build:deps Completed in 3ms
150 timing build Completed in 4ms
151 timing reify:build Completed in 5ms
152 timing reify:trash Completed in 2ms
153 timing reify:save Completed in 163ms
154 timing reify Completed in 1250ms
155 silly ADD node_modules/ecdsa-sig-formatter
156 silly ADD node_modules/buffer-equal-constant-time
157 silly ADD node_modules/jwa
158 silly ADD node_modules/lodash.once
159 silly ADD node_modules/lodash.isstring
160 silly ADD node_modules/lodash.isplainobject
161 silly ADD node_modules/lodash.isnumber
162 silly ADD node_modules/lodash.isinteger
163 silly ADD node_modules/lodash.isboolean
164 silly ADD node_modules/lodash.includes
165 silly ADD node_modules/jws
166 silly ADD node_modules/jsonwebtoken
167 silly ADD node_modules/jsonwebtoken/node_modules/ms
168 silly ADD
169 timing command:i Completed in 1264ms
170 verbose exit 0
171 timing npm Completed in 1689ms
172 info ok
