0 verbose cli C:\Users\abel1\node.exe C:\Users\abel1\AppData\Roaming\npm\node_modules\npm\bin\npm-cli.js
1 info using npm@10.4.0
2 info using node@v20.11.0
3 timing npm:load:whichnode Completed in 2ms
4 timing config:load:defaults Completed in 2ms
5 timing config:load:file:C:\Users\abel1\AppData\Roaming\npm\node_modules\npm\npmrc Completed in 7ms
6 timing config:load:builtin Completed in 7ms
7 timing config:load:cli Completed in 3ms
8 timing config:load:env Completed in 0ms
9 timing config:load:file:C:\Users\abel1\Desktop\AbeGarageAppProject\CodeBase\Abegarage_main\backend\.npmrc Completed in 1ms
10 timing config:load:project Completed in 3ms
11 timing config:load:file:C:\Users\abel1\.npmrc Completed in 1ms
12 timing config:load:user Completed in 1ms
13 timing config:load:file:C:\Users\abel1\AppData\Roaming\npm\etc\npmrc Completed in 0ms
14 timing config:load:global Completed in 1ms
15 timing config:load:setEnvs Completed in 1ms
16 timing config:load Completed in 20ms
17 timing npm:load:configload Completed in 20ms
18 timing config:load:flatten Completed in 3ms
19 timing npm:load:mkdirpcache Completed in 1ms
20 timing npm:load:mkdirplogs Completed in 1ms
21 verbose title npm install express
22 verbose argv "install" "express"
23 timing npm:load:setTitle Completed in 2ms
24 timing npm:load:display Completed in 1ms
25 verbose logfile logs-max:10 dir:C:\Users\abel1\Desktop\AbeGarageAppProject\CodeBase\Abegarage_main\backend\C\_logs\2024-02-28T01_40_18_885Z-
26 verbose logfile C:\Users\abel1\Desktop\AbeGarageAppProject\CodeBase\Abegarage_main\backend\C\_logs\2024-02-28T01_40_18_885Z-debug-0.log
27 timing npm:load:logFile Completed in 16ms
28 timing npm:load:timers Completed in 0ms
29 timing npm:load:configScope Completed in 0ms
30 timing npm:load Completed in 98ms
31 timing arborist:ctor Completed in 1ms
32 silly logfile done cleaning log files
33 timing arborist:ctor Completed in 0ms
34 timing idealTree:init Completed in 14ms
35 timing idealTree:userRequests Completed in 3ms
36 silly idealTree buildDeps
37 silly fetch manifest express@*
38 http fetch GET 200 https://registry.npmjs.org/express 250ms (cache miss)
39 silly placeDep ROOT express@4.18.2 OK for: backend@1.0.0 want: *
40 silly fetch manifest accepts@~1.3.8
41 silly fetch manifest array-flatten@1.1.1
42 silly fetch manifest body-parser@1.20.1
43 silly fetch manifest content-disposition@0.5.4
44 silly fetch manifest content-type@~1.0.4
45 silly fetch manifest cookie@0.5.0
46 silly fetch manifest cookie-signature@1.0.6
47 silly fetch manifest debug@2.6.9
48 silly fetch manifest depd@2.0.0
49 silly fetch manifest encodeurl@~1.0.2
50 silly fetch manifest escape-html@~1.0.3
51 silly fetch manifest etag@~1.8.1
52 silly fetch manifest finalhandler@1.2.0
53 silly fetch manifest fresh@0.5.2
54 silly fetch manifest http-errors@2.0.0
55 http fetch GET 200 https://registry.npmjs.org/accepts 88ms (cache miss)
56 silly fetch manifest merge-descriptors@1.0.1
57 http fetch GET 200 https://registry.npmjs.org/content-type 313ms (cache miss)
58 silly fetch manifest methods@~1.1.2
59 http fetch GET 200 https://registry.npmjs.org/encodeurl 317ms (cache miss)
60 silly fetch manifest on-finished@2.4.1
61 http fetch GET 200 https://registry.npmjs.org/array-flatten 331ms (cache miss)
62 silly fetch manifest parseurl@~1.3.3
63 http fetch GET 200 https://registry.npmjs.org/cookie-signature 332ms (cache miss)
64 silly fetch manifest path-to-regexp@0.1.7
65 http fetch GET 200 https://registry.npmjs.org/escape-html 334ms (cache miss)
66 silly fetch manifest proxy-addr@~2.0.7
67 http fetch GET 200 https://registry.npmjs.org/merge-descriptors 260ms (cache miss)
68 silly fetch manifest qs@6.11.0
69 http fetch GET 200 https://registry.npmjs.org/etag 350ms (cache miss)
70 silly fetch manifest range-parser@~1.2.1
71 http fetch GET 200 https://registry.npmjs.org/fresh 376ms (cache miss)
72 silly fetch manifest safe-buffer@5.2.1
73 http fetch GET 200 https://registry.npmjs.org/content-disposition 391ms (cache miss)
74 silly fetch manifest send@0.18.0
75 http fetch GET 200 https://registry.npmjs.org/depd 412ms (cache miss)
76 silly fetch manifest serve-static@1.15.0
77 http fetch GET 200 https://registry.npmjs.org/cookie 455ms (cache miss)
78 silly fetch manifest setprototypeof@1.2.0
79 http fetch GET 200 https://registry.npmjs.org/finalhandler 468ms (cache miss)
80 silly fetch manifest statuses@2.0.1
81 http fetch GET 200 https://registry.npmjs.org/http-errors 475ms (cache miss)
82 silly fetch manifest type-is@~1.6.18
83 http fetch GET 200 https://registry.npmjs.org/methods 237ms (cache miss)
84 silly fetch manifest utils-merge@1.0.1
85 http fetch GET 200 https://registry.npmjs.org/on-finished 245ms (cache miss)
86 silly fetch manifest vary@~1.1.2
87 http fetch GET 200 https://registry.npmjs.org/body-parser 581ms (cache miss)
88 http fetch GET 200 https://registry.npmjs.org/range-parser 228ms (cache miss)
89 http fetch GET 200 https://registry.npmjs.org/parseurl 261ms (cache miss)
90 http fetch GET 200 https://registry.npmjs.org/setprototypeof 153ms (cache miss)
91 http fetch GET 200 https://registry.npmjs.org/safe-buffer 244ms (cache miss)
92 http fetch GET 200 https://registry.npmjs.org/debug 643ms (cache miss)
93 http fetch GET 200 https://registry.npmjs.org/proxy-addr 319ms (cache miss)
94 http fetch GET 200 https://registry.npmjs.org/path-to-regexp 333ms (cache miss)
95 http fetch GET 200 https://registry.npmjs.org/statuses 200ms (cache miss)
96 http fetch GET 200 https://registry.npmjs.org/send 295ms (cache miss)
97 http fetch GET 200 https://registry.npmjs.org/serve-static 274ms (cache miss)
98 http fetch GET 200 https://registry.npmjs.org/type-is 216ms (cache miss)
99 http fetch GET 200 https://registry.npmjs.org/utils-merge 152ms (cache miss)
100 http fetch GET 200 https://registry.npmjs.org/vary 138ms (cache miss)
101 http fetch GET 200 https://registry.npmjs.org/qs 373ms (cache miss)
102 timing idealTree:#root Completed in 1018ms
103 silly placeDep ROOT accepts@1.3.8 OK for: express@4.18.2 want: ~1.3.8
104 silly placeDep ROOT array-flatten@1.1.1 OK for: express@4.18.2 want: 1.1.1
105 silly placeDep ROOT body-parser@1.20.1 OK for: express@4.18.2 want: 1.20.1
106 silly placeDep ROOT content-disposition@0.5.4 OK for: express@4.18.2 want: 0.5.4
107 silly placeDep ROOT content-type@1.0.5 OK for: express@4.18.2 want: ~1.0.4
108 silly placeDep ROOT cookie@0.5.0 OK for: express@4.18.2 want: 0.5.0
109 silly placeDep ROOT cookie-signature@1.0.6 OK for: express@4.18.2 want: 1.0.6
110 silly placeDep ROOT debug@2.6.9 OK for: express@4.18.2 want: 2.6.9
111 silly placeDep ROOT depd@2.0.0 OK for: express@4.18.2 want: 2.0.0
112 silly placeDep ROOT encodeurl@1.0.2 OK for: express@4.18.2 want: ~1.0.2
113 silly placeDep ROOT escape-html@1.0.3 OK for: express@4.18.2 want: ~1.0.3
114 silly placeDep ROOT etag@1.8.1 OK for: express@4.18.2 want: ~1.8.1
115 silly placeDep ROOT finalhandler@1.2.0 OK for: express@4.18.2 want: 1.2.0
116 silly placeDep ROOT fresh@0.5.2 OK for: express@4.18.2 want: 0.5.2
117 silly placeDep ROOT http-errors@2.0.0 OK for: express@4.18.2 want: 2.0.0
118 silly placeDep ROOT merge-descriptors@1.0.1 OK for: express@4.18.2 want: 1.0.1
119 silly placeDep ROOT methods@1.1.2 OK for: express@4.18.2 want: ~1.1.2
120 silly placeDep ROOT on-finished@2.4.1 OK for: express@4.18.2 want: 2.4.1
121 silly placeDep ROOT parseurl@1.3.3 OK for: express@4.18.2 want: ~1.3.3
122 silly placeDep ROOT path-to-regexp@0.1.7 OK for: express@4.18.2 want: 0.1.7
123 silly placeDep ROOT proxy-addr@2.0.7 OK for: express@4.18.2 want: ~2.0.7
124 silly placeDep ROOT qs@6.11.0 OK for: express@4.18.2 want: 6.11.0
125 silly placeDep ROOT range-parser@1.2.1 OK for: express@4.18.2 want: ~1.2.1
126 silly placeDep ROOT safe-buffer@5.2.1 OK for: express@4.18.2 want: 5.2.1
127 silly placeDep ROOT send@0.18.0 OK for: express@4.18.2 want: 0.18.0
128 silly placeDep ROOT serve-static@1.15.0 OK for: express@4.18.2 want: 1.15.0
129 silly placeDep ROOT setprototypeof@1.2.0 OK for: express@4.18.2 want: 1.2.0
130 silly placeDep ROOT statuses@2.0.1 OK for: express@4.18.2 want: 2.0.1
131 silly placeDep ROOT type-is@1.6.18 OK for: express@4.18.2 want: ~1.6.18
132 silly placeDep ROOT utils-merge@1.0.1 OK for: express@4.18.2 want: 1.0.1
133 silly placeDep ROOT vary@1.1.2 OK for: express@4.18.2 want: ~1.1.2
134 silly fetch manifest mime-types@~2.1.34
135 silly fetch manifest negotiator@0.6.3
136 silly fetch manifest bytes@3.1.2
137 silly fetch manifest destroy@1.2.0
138 silly fetch manifest iconv-lite@0.4.24
139 silly fetch manifest raw-body@2.5.1
140 silly fetch manifest unpipe@1.0.0
141 silly fetch manifest ms@2.0.0
142 silly fetch manifest unpipe@~1.0.0
143 silly fetch manifest inherits@2.0.4
144 silly fetch manifest toidentifier@1.0.1
145 silly fetch manifest ee-first@1.1.1
146 silly fetch manifest forwarded@0.2.0
147 silly fetch manifest ipaddr.js@1.9.1
148 silly fetch manifest side-channel@^1.0.4
149 http fetch GET 200 https://registry.npmjs.org/destroy 191ms (cache miss)
150 silly fetch manifest mime@1.6.0
151 http fetch GET 200 https://registry.npmjs.org/unpipe 178ms (cache miss)
152 silly fetch manifest ms@2.1.3
153 http fetch GET 200 https://registry.npmjs.org/unpipe 197ms (cache miss)
154 silly fetch manifest media-typer@0.3.0
155 http fetch GET 200 https://registry.npmjs.org/ee-first 191ms (cache miss)
156 silly fetch manifest mime-types@~2.1.24
157 http fetch GET 200 https://registry.npmjs.org/side-channel 191ms (cache miss)
158 http fetch GET 200 https://registry.npmjs.org/inherits 206ms (cache miss)
159 http fetch GET 200 https://registry.npmjs.org/toidentifier 204ms (cache miss)
160 http fetch GET 200 https://registry.npmjs.org/bytes 233ms (cache miss)
161 http fetch GET 200 https://registry.npmjs.org/forwarded 207ms (cache miss)
162 http fetch GET 200 https://registry.npmjs.org/negotiator 242ms (cache miss)
163 http fetch GET 200 https://registry.npmjs.org/iconv-lite 237ms (cache miss)
164 http fetch GET 200 https://registry.npmjs.org/mime-types 261ms (cache miss)
165 http fetch GET 200 https://registry.npmjs.org/ipaddr.js 231ms (cache miss)
166 http fetch GET 200 https://registry.npmjs.org/ms 254ms (cache miss)
167 http fetch GET 200 https://registry.npmjs.org/raw-body 271ms (cache miss)
168 http fetch GET 200 https://registry.npmjs.org/ms 96ms (cache miss)
169 http fetch GET 200 https://registry.npmjs.org/mime-types 77ms (cache miss)
170 http fetch GET 200 https://registry.npmjs.org/media-typer 88ms (cache miss)
171 http fetch GET 200 https://registry.npmjs.org/mime 109ms (cache miss)
172 timing idealTree:node_modules/express Completed in 498ms
173 silly placeDep ROOT mime-types@2.1.35 OK for: accepts@1.3.8 want: ~2.1.34
174 silly placeDep ROOT negotiator@0.6.3 OK for: accepts@1.3.8 want: 0.6.3
175 silly fetch manifest mime-db@1.52.0
176 http fetch GET 200 https://registry.npmjs.org/mime-db 60ms (cache miss)
177 timing idealTree:node_modules/accepts Completed in 70ms
178 timing idealTree:node_modules/array-flatten Completed in 0ms
179 silly placeDep ROOT bytes@3.1.2 OK for: body-parser@1.20.1 want: 3.1.2
180 silly placeDep ROOT destroy@1.2.0 OK for: body-parser@1.20.1 want: 1.2.0
181 silly placeDep ROOT iconv-lite@0.4.24 OK for: body-parser@1.20.1 want: 0.4.24
182 silly placeDep ROOT raw-body@2.5.1 OK for: body-parser@1.20.1 want: 2.5.1
183 silly placeDep ROOT unpipe@1.0.0 OK for: body-parser@1.20.1 want: 1.0.0
184 silly fetch manifest safer-buffer@>= 2.1.2 < 3
185 http fetch GET 200 https://registry.npmjs.org/safer-buffer 57ms (cache miss)
186 timing idealTree:node_modules/body-parser Completed in 73ms
187 timing idealTree:node_modules/bytes Completed in 0ms
188 timing idealTree:node_modules/content-disposition Completed in 0ms
189 timing idealTree:node_modules/content-type Completed in 0ms
190 timing idealTree:node_modules/cookie Completed in 0ms
191 timing idealTree:node_modules/cookie-signature Completed in 0ms
192 silly placeDep ROOT ms@2.0.0 OK for: debug@2.6.9 want: 2.0.0
193 timing idealTree:node_modules/debug Completed in 4ms
194 timing idealTree:node_modules/depd Completed in 1ms
195 timing idealTree:node_modules/destroy Completed in 0ms
196 timing idealTree:node_modules/encodeurl Completed in 0ms
197 timing idealTree:node_modules/escape-html Completed in 0ms
198 timing idealTree:node_modules/etag Completed in 0ms
199 timing idealTree:node_modules/finalhandler Completed in 0ms
200 timing idealTree:node_modules/fresh Completed in 0ms
201 silly placeDep ROOT inherits@2.0.4 OK for: http-errors@2.0.0 want: 2.0.4
202 silly placeDep ROOT toidentifier@1.0.1 OK for: http-errors@2.0.0 want: 1.0.1
203 timing idealTree:node_modules/http-errors Completed in 3ms
204 silly placeDep ROOT safer-buffer@2.1.2 OK for: iconv-lite@0.4.24 want: >= 2.1.2 < 3
205 timing idealTree:node_modules/iconv-lite Completed in 2ms
206 timing idealTree:node_modules/inherits Completed in 0ms
207 timing idealTree:node_modules/merge-descriptors Completed in 0ms
208 timing idealTree:node_modules/methods Completed in 0ms
209 silly placeDep ROOT mime-db@1.52.0 OK for: mime-types@2.1.35 want: 1.52.0
210 timing idealTree:node_modules/mime-types Completed in 2ms
211 timing idealTree:node_modules/mime-db Completed in 0ms
212 timing idealTree:node_modules/ms Completed in 0ms
213 timing idealTree:node_modules/negotiator Completed in 0ms
214 silly placeDep ROOT ee-first@1.1.1 OK for: on-finished@2.4.1 want: 1.1.1
215 timing idealTree:node_modules/on-finished Completed in 1ms
216 timing idealTree:node_modules/ee-first Completed in 0ms
217 timing idealTree:node_modules/parseurl Completed in 0ms
218 timing idealTree:node_modules/path-to-regexp Completed in 0ms
219 silly placeDep ROOT forwarded@0.2.0 OK for: proxy-addr@2.0.7 want: 0.2.0
220 silly placeDep ROOT ipaddr.js@1.9.1 OK for: proxy-addr@2.0.7 want: 1.9.1
221 timing idealTree:node_modules/proxy-addr Completed in 2ms
222 timing idealTree:node_modules/forwarded Completed in 0ms
223 timing idealTree:node_modules/ipaddr.js Completed in 0ms
224 silly placeDep ROOT side-channel@1.0.5 OK for: qs@6.11.0 want: ^1.0.4
225 silly fetch manifest call-bind@^1.0.6
226 silly fetch manifest es-errors@^1.3.0
227 silly fetch manifest get-intrinsic@^1.2.4
228 silly fetch manifest object-inspect@^1.13.1
229 http fetch GET 200 https://registry.npmjs.org/es-errors 75ms (cache miss)
230 http fetch GET 200 https://registry.npmjs.org/call-bind 79ms (cache miss)
231 http fetch GET 200 https://registry.npmjs.org/object-inspect 79ms (cache miss)
232 http fetch GET 200 https://registry.npmjs.org/get-intrinsic 83ms (cache miss)
233 timing idealTree:node_modules/qs Completed in 95ms
234 timing idealTree:node_modules/range-parser Completed in 0ms
235 timing idealTree:node_modules/raw-body Completed in 0ms
236 timing idealTree:node_modules/safe-buffer Completed in 0ms
237 timing idealTree:node_modules/safer-buffer Completed in 0ms
238 silly placeDep ROOT mime@1.6.0 OK for: send@0.18.0 want: 1.6.0
239 silly placeDep node_modules/send ms@2.1.3 OK for: send@0.18.0 want: 2.1.3
240 timing idealTree:node_modules/send Completed in 6ms
241 timing idealTree:node_modules/mime Completed in 0ms
242 timing idealTree:node_modules/serve-static Completed in 0ms
243 timing idealTree:node_modules/setprototypeof Completed in 0ms
244 silly placeDep ROOT call-bind@1.0.7 OK for: side-channel@1.0.5 want: ^1.0.6
245 silly placeDep ROOT es-errors@1.3.0 OK for: side-channel@1.0.5 want: ^1.3.0
246 silly placeDep ROOT get-intrinsic@1.2.4 OK for: side-channel@1.0.5 want: ^1.2.4
247 silly placeDep ROOT object-inspect@1.13.1 OK for: side-channel@1.0.5 want: ^1.13.1
248 silly fetch manifest es-define-property@^1.0.0
249 silly fetch manifest function-bind@^1.1.2
250 silly fetch manifest set-function-length@^1.2.1
251 silly fetch manifest has-proto@^1.0.1
252 silly fetch manifest has-symbols@^1.0.3
253 silly fetch manifest hasown@^2.0.0
254 http fetch GET 200 https://registry.npmjs.org/set-function-length 72ms (cache miss)
255 http fetch GET 200 https://registry.npmjs.org/function-bind 75ms (cache miss)
256 http fetch GET 200 https://registry.npmjs.org/has-symbols 72ms (cache miss)
257 http fetch GET 200 https://registry.npmjs.org/has-proto 78ms (cache miss)
258 http fetch GET 200 https://registry.npmjs.org/es-define-property 106ms (cache miss)
259 http fetch GET 200 https://registry.npmjs.org/hasown 303ms (cache miss)
260 timing idealTree:node_modules/side-channel Completed in 324ms
261 silly placeDep ROOT es-define-property@1.0.0 OK for: call-bind@1.0.7 want: ^1.0.0
262 silly placeDep ROOT function-bind@1.1.2 OK for: call-bind@1.0.7 want: ^1.1.2
263 silly placeDep ROOT set-function-length@1.2.1 OK for: call-bind@1.0.7 want: ^1.2.1
264 silly fetch manifest define-data-property@^1.1.2
265 silly fetch manifest gopd@^1.0.1
266 silly fetch manifest has-property-descriptors@^1.0.1
267 http fetch GET 200 https://registry.npmjs.org/gopd 55ms (cache miss)
268 http fetch GET 200 https://registry.npmjs.org/define-data-property 58ms (cache miss)
269 http fetch GET 200 https://registry.npmjs.org/has-property-descriptors 76ms (cache miss)
270 timing idealTree:node_modules/call-bind Completed in 93ms
271 timing idealTree:node_modules/es-define-property Completed in 0ms
272 timing idealTree:node_modules/es-errors Completed in 0ms
273 timing idealTree:node_modules/function-bind Completed in 0ms
274 silly placeDep ROOT has-proto@1.0.3 OK for: get-intrinsic@1.2.4 want: ^1.0.1
275 silly placeDep ROOT has-symbols@1.0.3 OK for: get-intrinsic@1.2.4 want: ^1.0.3
276 silly placeDep ROOT hasown@2.0.1 OK for: get-intrinsic@1.2.4 want: ^2.0.0
277 timing idealTree:node_modules/get-intrinsic Completed in 11ms
278 timing idealTree:node_modules/has-proto Completed in 0ms
279 timing idealTree:node_modules/has-symbols Completed in 0ms
280 timing idealTree:node_modules/hasown Completed in 0ms
281 timing idealTree:node_modules/object-inspect Completed in 0ms
282 silly placeDep ROOT define-data-property@1.1.4 OK for: set-function-length@1.2.1 want: ^1.1.2
283 silly placeDep ROOT gopd@1.0.1 OK for: set-function-length@1.2.1 want: ^1.0.1
284 silly placeDep ROOT has-property-descriptors@1.0.2 OK for: set-function-length@1.2.1 want: ^1.0.1
285 timing idealTree:node_modules/set-function-length Completed in 12ms
286 timing idealTree:node_modules/define-data-property Completed in 0ms
287 timing idealTree:node_modules/gopd Completed in 0ms
288 timing idealTree:node_modules/has-property-descriptors Completed in 0ms
289 timing idealTree:node_modules/statuses Completed in 0ms
290 timing idealTree:node_modules/toidentifier Completed in 0ms
291 silly placeDep ROOT media-typer@0.3.0 OK for: type-is@1.6.18 want: 0.3.0
292 timing idealTree:node_modules/type-is Completed in 3ms
293 timing idealTree:node_modules/media-typer Completed in 0ms
294 timing idealTree:node_modules/unpipe Completed in 0ms
295 timing idealTree:node_modules/utils-merge Completed in 0ms
296 timing idealTree:node_modules/vary Completed in 0ms
297 timing idealTree:node_modules/send/node_modules/ms Completed in 0ms
298 timing idealTree:buildDeps Completed in 2226ms
299 timing idealTree:fixDepFlags Completed in 2ms
300 timing idealTree Completed in 2251ms
301 timing reify:loadTrees Completed in 2253ms
302 timing reify:diffTrees Completed in 5ms
303 silly reify moves {}
304 timing reify:retireShallow Completed in 3ms
305 timing reify:createSparse Completed in 39ms
306 timing reify:loadBundles Completed in 0ms
307 silly audit bulk request {
307 silly audit   express: [ '4.18.2' ],
307 silly audit   accepts: [ '1.3.8' ],
307 silly audit   'array-flatten': [ '1.1.1' ],
307 silly audit   'body-parser': [ '1.20.1' ],
307 silly audit   'content-disposition': [ '0.5.4' ],
307 silly audit   'content-type': [ '1.0.5' ],
307 silly audit   cookie: [ '0.5.0' ],
307 silly audit   'cookie-signature': [ '1.0.6' ],
307 silly audit   debug: [ '2.6.9' ],
307 silly audit   depd: [ '2.0.0' ],
307 silly audit   encodeurl: [ '1.0.2' ],
307 silly audit   'escape-html': [ '1.0.3' ],
307 silly audit   etag: [ '1.8.1' ],
307 silly audit   finalhandler: [ '1.2.0' ],
307 silly audit   fresh: [ '0.5.2' ],
307 silly audit   'http-errors': [ '2.0.0' ],
307 silly audit   'merge-descriptors': [ '1.0.1' ],
307 silly audit   methods: [ '1.1.2' ],
307 silly audit   'on-finished': [ '2.4.1' ],
307 silly audit   parseurl: [ '1.3.3' ],
307 silly audit   'path-to-regexp': [ '0.1.7' ],
307 silly audit   'proxy-addr': [ '2.0.7' ],
307 silly audit   qs: [ '6.11.0' ],
307 silly audit   'range-parser': [ '1.2.1' ],
307 silly audit   'safe-buffer': [ '5.2.1' ],
307 silly audit   send: [ '0.18.0' ],
307 silly audit   'serve-static': [ '1.15.0' ],
307 silly audit   setprototypeof: [ '1.2.0' ],
307 silly audit   statuses: [ '2.0.1' ],
307 silly audit   'type-is': [ '1.6.18' ],
307 silly audit   'utils-merge': [ '1.0.1' ],
307 silly audit   vary: [ '1.1.2' ],
307 silly audit   'mime-types': [ '2.1.35' ],
307 silly audit   negotiator: [ '0.6.3' ],
307 silly audit   bytes: [ '3.1.2' ],
307 silly audit   destroy: [ '1.2.0' ],
307 silly audit   'iconv-lite': [ '0.4.24' ],
307 silly audit   'raw-body': [ '2.5.1' ],
307 silly audit   unpipe: [ '1.0.0' ],
307 silly audit   ms: [ '2.0.0', '2.1.3' ],
307 silly audit   inherits: [ '2.0.4' ],
307 silly audit   toidentifier: [ '1.0.1' ],
307 silly audit   'safer-buffer': [ '2.1.2' ],
307 silly audit   'mime-db': [ '1.52.0' ],
307 silly audit   'ee-first': [ '1.1.1' ],
307 silly audit   forwarded: [ '0.2.0' ],
307 silly audit   'ipaddr.js': [ '1.9.1' ],
307 silly audit   'side-channel': [ '1.0.5' ],
307 silly audit   mime: [ '1.6.0' ],
307 silly audit   'call-bind': [ '1.0.7' ],
307 silly audit   'es-errors': [ '1.3.0' ],
307 silly audit   'get-intrinsic': [ '1.2.4' ],
307 silly audit   'object-inspect': [ '1.13.1' ],
307 silly audit   'es-define-property': [ '1.0.0' ],
307 silly audit   'function-bind': [ '1.1.2' ],
307 silly audit   'set-function-length': [ '1.2.1' ],
307 silly audit   'has-proto': [ '1.0.3' ],
307 silly audit   'has-symbols': [ '1.0.3' ],
307 silly audit   hasown: [ '2.0.1' ],
307 silly audit   'define-data-property': [ '1.1.4' ],
307 silly audit   gopd: [ '1.0.1' ],
307 silly audit   'has-property-descriptors': [ '1.0.2' ],
307 silly audit   'media-typer': [ '0.3.0' ]
307 silly audit }
308 silly tarball no local data for gopd@https://registry.npmjs.org/gopd/-/gopd-1.0.1.tgz. Extracting by manifest.
309 silly tarball no local data for define-data-property@https://registry.npmjs.org/define-data-property/-/define-data-property-1.1.4.tgz. Extracting by manifest.
310 silly tarball no local data for has-property-descriptors@https://registry.npmjs.org/has-property-descriptors/-/has-property-descriptors-1.0.2.tgz. Extracting by manifest.
311 silly tarball no local data for media-typer@https://registry.npmjs.org/media-typer/-/media-typer-0.3.0.tgz. Extracting by manifest.
312 silly tarball no local data for has-symbols@https://registry.npmjs.org/has-symbols/-/has-symbols-1.0.3.tgz. Extracting by manifest.
313 silly tarball no local data for hasown@https://registry.npmjs.org/hasown/-/hasown-2.0.1.tgz. Extracting by manifest.
314 silly tarball no local data for has-proto@https://registry.npmjs.org/has-proto/-/has-proto-1.0.3.tgz. Extracting by manifest.
315 silly tarball no local data for es-define-property@https://registry.npmjs.org/es-define-property/-/es-define-property-1.0.0.tgz. Extracting by manifest.
316 silly tarball no local data for function-bind@https://registry.npmjs.org/function-bind/-/function-bind-1.1.2.tgz. Extracting by manifest.
317 silly tarball no local data for set-function-length@https://registry.npmjs.org/set-function-length/-/set-function-length-1.2.1.tgz. Extracting by manifest.
318 silly tarball no local data for object-inspect@https://registry.npmjs.org/object-inspect/-/object-inspect-1.13.1.tgz. Extracting by manifest.
319 silly tarball no local data for es-errors@https://registry.npmjs.org/es-errors/-/es-errors-1.3.0.tgz. Extracting by manifest.
320 silly tarball no local data for get-intrinsic@https://registry.npmjs.org/get-intrinsic/-/get-intrinsic-1.2.4.tgz. Extracting by manifest.
321 silly tarball no local data for side-channel@https://registry.npmjs.org/side-channel/-/side-channel-1.0.5.tgz. Extracting by manifest.
322 silly tarball no local data for call-bind@https://registry.npmjs.org/call-bind/-/call-bind-1.0.7.tgz. Extracting by manifest.
323 silly tarball no local data for mime@https://registry.npmjs.org/mime/-/mime-1.6.0.tgz. Extracting by manifest.
324 silly tarball no local data for ipaddr.js@https://registry.npmjs.org/ipaddr.js/-/ipaddr.js-1.9.1.tgz. Extracting by manifest.
325 silly tarball no local data for forwarded@https://registry.npmjs.org/forwarded/-/forwarded-0.2.0.tgz. Extracting by manifest.
326 silly tarball no local data for ee-first@https://registry.npmjs.org/ee-first/-/ee-first-1.1.1.tgz. Extracting by manifest.
327 silly tarball no local data for safer-buffer@https://registry.npmjs.org/safer-buffer/-/safer-buffer-2.1.2.tgz. Extracting by manifest.
328 silly tarball no local data for toidentifier@https://registry.npmjs.org/toidentifier/-/toidentifier-1.0.1.tgz. Extracting by manifest.
329 silly tarball no local data for mime-db@https://registry.npmjs.org/mime-db/-/mime-db-1.52.0.tgz. Extracting by manifest.
330 silly tarball no local data for inherits@https://registry.npmjs.org/inherits/-/inherits-2.0.4.tgz. Extracting by manifest.
331 silly tarball no local data for raw-body@https://registry.npmjs.org/raw-body/-/raw-body-2.5.1.tgz. Extracting by manifest.
332 silly tarball no local data for ms@https://registry.npmjs.org/ms/-/ms-2.0.0.tgz. Extracting by manifest.
333 silly tarball no local data for unpipe@https://registry.npmjs.org/unpipe/-/unpipe-1.0.0.tgz. Extracting by manifest.
334 silly tarball no local data for destroy@https://registry.npmjs.org/destroy/-/destroy-1.2.0.tgz. Extracting by manifest.
335 silly tarball no local data for iconv-lite@https://registry.npmjs.org/iconv-lite/-/iconv-lite-0.4.24.tgz. Extracting by manifest.
336 silly tarball no local data for bytes@https://registry.npmjs.org/bytes/-/bytes-3.1.2.tgz. Extracting by manifest.
337 silly tarball no local data for negotiator@https://registry.npmjs.org/negotiator/-/negotiator-0.6.3.tgz. Extracting by manifest.
338 silly tarball no local data for vary@https://registry.npmjs.org/vary/-/vary-1.1.2.tgz. Extracting by manifest.
339 silly tarball no local data for utils-merge@https://registry.npmjs.org/utils-merge/-/utils-merge-1.0.1.tgz. Extracting by manifest.
340 silly tarball no local data for mime-types@https://registry.npmjs.org/mime-types/-/mime-types-2.1.35.tgz. Extracting by manifest.
341 silly tarball no local data for statuses@https://registry.npmjs.org/statuses/-/statuses-2.0.1.tgz. Extracting by manifest.
342 silly tarball no local data for setprototypeof@https://registry.npmjs.org/setprototypeof/-/setprototypeof-1.2.0.tgz. Extracting by manifest.
343 silly tarball no local data for type-is@https://registry.npmjs.org/type-is/-/type-is-1.6.18.tgz. Extracting by manifest.
344 silly tarball no local data for send@https://registry.npmjs.org/send/-/send-0.18.0.tgz. Extracting by manifest.
345 silly tarball no local data for serve-static@https://registry.npmjs.org/serve-static/-/serve-static-1.15.0.tgz. Extracting by manifest.
346 silly tarball no local data for safe-buffer@https://registry.npmjs.org/safe-buffer/-/safe-buffer-5.2.1.tgz. Extracting by manifest.
347 silly tarball no local data for range-parser@https://registry.npmjs.org/range-parser/-/range-parser-1.2.1.tgz. Extracting by manifest.
348 silly tarball no local data for qs@https://registry.npmjs.org/qs/-/qs-6.11.0.tgz. Extracting by manifest.
349 silly tarball no local data for proxy-addr@https://registry.npmjs.org/proxy-addr/-/proxy-addr-2.0.7.tgz. Extracting by manifest.
350 silly tarball no local data for path-to-regexp@https://registry.npmjs.org/path-to-regexp/-/path-to-regexp-0.1.7.tgz. Extracting by manifest.
351 silly tarball no local data for parseurl@https://registry.npmjs.org/parseurl/-/parseurl-1.3.3.tgz. Extracting by manifest.
352 silly tarball no local data for methods@https://registry.npmjs.org/methods/-/methods-1.1.2.tgz. Extracting by manifest.
353 silly tarball no local data for on-finished@https://registry.npmjs.org/on-finished/-/on-finished-2.4.1.tgz. Extracting by manifest.
354 silly tarball no local data for fresh@https://registry.npmjs.org/fresh/-/fresh-0.5.2.tgz. Extracting by manifest.
355 silly tarball no local data for http-errors@https://registry.npmjs.org/http-errors/-/http-errors-2.0.0.tgz. Extracting by manifest.
356 silly tarball no local data for merge-descriptors@https://registry.npmjs.org/merge-descriptors/-/merge-descriptors-1.0.1.tgz. Extracting by manifest.
357 silly tarball no local data for etag@https://registry.npmjs.org/etag/-/etag-1.8.1.tgz. Extracting by manifest.
358 silly tarball no local data for finalhandler@https://registry.npmjs.org/finalhandler/-/finalhandler-1.2.0.tgz. Extracting by manifest.
359 silly tarball no local data for escape-html@https://registry.npmjs.org/escape-html/-/escape-html-1.0.3.tgz. Extracting by manifest.
360 silly tarball no local data for depd@https://registry.npmjs.org/depd/-/depd-2.0.0.tgz. Extracting by manifest.
361 silly tarball no local data for encodeurl@https://registry.npmjs.org/encodeurl/-/encodeurl-1.0.2.tgz. Extracting by manifest.
362 silly tarball no local data for cookie-signature@https://registry.npmjs.org/cookie-signature/-/cookie-signature-1.0.6.tgz. Extracting by manifest.
363 silly tarball no local data for debug@https://registry.npmjs.org/debug/-/debug-2.6.9.tgz. Extracting by manifest.
364 silly tarball no local data for content-type@https://registry.npmjs.org/content-type/-/content-type-1.0.5.tgz. Extracting by manifest.
365 silly tarball no local data for cookie@https://registry.npmjs.org/cookie/-/cookie-0.5.0.tgz. Extracting by manifest.
366 silly tarball no local data for content-disposition@https://registry.npmjs.org/content-disposition/-/content-disposition-0.5.4.tgz. Extracting by manifest.
367 silly tarball no local data for express@https://registry.npmjs.org/express/-/express-4.18.2.tgz. Extracting by manifest.
368 silly tarball no local data for array-flatten@https://registry.npmjs.org/array-flatten/-/array-flatten-1.1.1.tgz. Extracting by manifest.
369 silly tarball no local data for body-parser@https://registry.npmjs.org/body-parser/-/body-parser-1.20.1.tgz. Extracting by manifest.
370 silly tarball no local data for accepts@https://registry.npmjs.org/accepts/-/accepts-1.3.8.tgz. Extracting by manifest.
371 silly tarball no local data for ms@https://registry.npmjs.org/ms/-/ms-2.1.3.tgz. Extracting by manifest.
372 http fetch POST 200 https://registry.npmjs.org/-/npm/v1/security/advisories/bulk 490ms
373 timing auditReport:getReport Completed in 497ms
374 silly audit report {}
375 timing auditReport:init Completed in 0ms
376 timing reify:audit Completed in 500ms
377 http fetch GET 200 https://registry.npmjs.org/ee-first/-/ee-first-1.1.1.tgz 932ms (cache miss)
378 timing reifyNode:node_modules/ee-first Completed in 1036ms
379 http fetch GET 200 https://registry.npmjs.org/media-typer/-/media-typer-0.3.0.tgz 980ms (cache miss)
380 http fetch GET 200 https://registry.npmjs.org/hasown/-/hasown-2.0.1.tgz 978ms (cache miss)
381 http fetch GET 200 https://registry.npmjs.org/destroy/-/destroy-1.2.0.tgz 954ms (cache miss)
382 timing reifyNode:node_modules/destroy Completed in 1067ms
383 http fetch GET 200 https://registry.npmjs.org/forwarded/-/forwarded-0.2.0.tgz 989ms (cache miss)
384 http fetch GET 200 https://registry.npmjs.org/toidentifier/-/toidentifier-1.0.1.tgz 989ms (cache miss)
385 http fetch GET 200 https://registry.npmjs.org/finalhandler/-/finalhandler-1.2.0.tgz 937ms (cache miss)
386 http fetch GET 200 https://registry.npmjs.org/ms/-/ms-2.0.0.tgz 1000ms (cache miss)
387 timing reifyNode:node_modules/ms Completed in 1109ms
388 http fetch GET 200 https://registry.npmjs.org/unpipe/-/unpipe-1.0.0.tgz 1001ms (cache miss)
389 http fetch GET 200 https://registry.npmjs.org/path-to-regexp/-/path-to-regexp-0.1.7.tgz 971ms (cache miss)
390 http fetch GET 200 https://registry.npmjs.org/cookie-signature/-/cookie-signature-1.0.6.tgz 955ms (cache miss)
391 timing reifyNode:node_modules/media-typer Completed in 1130ms
392 timing reifyNode:node_modules/toidentifier Completed in 1127ms
393 timing reifyNode:node_modules/forwarded Completed in 1128ms
394 http fetch GET 200 https://registry.npmjs.org/inherits/-/inherits-2.0.4.tgz 1024ms (cache miss)
395 http fetch GET 200 https://registry.npmjs.org/vary/-/vary-1.1.2.tgz 1014ms (cache miss)
396 http fetch GET 200 https://registry.npmjs.org/utils-merge/-/utils-merge-1.0.1.tgz 1013ms (cache miss)
397 http fetch GET 200 https://registry.npmjs.org/setprototypeof/-/setprototypeof-1.2.0.tgz 1002ms (cache miss)
398 http fetch GET 200 https://registry.npmjs.org/type-is/-/type-is-1.6.18.tgz 1002ms (cache miss)
399 http fetch GET 200 https://registry.npmjs.org/send/-/send-0.18.0.tgz 1001ms (cache miss)
400 http fetch GET 200 https://registry.npmjs.org/mime-types/-/mime-types-2.1.35.tgz 1011ms (cache miss)
401 http fetch GET 200 https://registry.npmjs.org/merge-descriptors/-/merge-descriptors-1.0.1.tgz 985ms (cache miss)
402 timing reifyNode:node_modules/unpipe Completed in 1148ms
403 timing reifyNode:node_modules/inherits Completed in 1149ms
404 http fetch GET 200 https://registry.npmjs.org/range-parser/-/range-parser-1.2.1.tgz 1014ms (cache miss)
405 http fetch GET 200 https://registry.npmjs.org/parseurl/-/parseurl-1.3.3.tgz 1009ms (cache miss)
406 timing reifyNode:node_modules/vary Completed in 1169ms
407 timing reifyNode:node_modules/utils-merge Completed in 1169ms
408 http fetch GET 200 https://registry.npmjs.org/bytes/-/bytes-3.1.2.tgz 1055ms (cache miss)
409 timing reifyNode:node_modules/bytes Completed in 1171ms
410 http fetch GET 200 https://registry.npmjs.org/proxy-addr/-/proxy-addr-2.0.7.tgz 1028ms (cache miss)
411 http fetch GET 200 https://registry.npmjs.org/safe-buffer/-/safe-buffer-5.2.1.tgz 1035ms (cache miss)
412 http fetch GET 200 https://registry.npmjs.org/methods/-/methods-1.1.2.tgz 1024ms (cache miss)
413 http fetch GET 200 https://registry.npmjs.org/http-errors/-/http-errors-2.0.0.tgz 1020ms (cache miss)
414 http fetch GET 200 https://registry.npmjs.org/escape-html/-/escape-html-1.0.3.tgz 1017ms (cache miss)
415 timing reifyNode:node_modules/escape-html Completed in 1177ms
416 timing reifyNode:node_modules/mime-types Completed in 1182ms
417 timing reifyNode:node_modules/type-is Completed in 1185ms
418 http fetch GET 200 https://registry.npmjs.org/statuses/-/statuses-2.0.1.tgz 1054ms (cache miss)
419 timing reifyNode:node_modules/range-parser Completed in 1186ms
420 timing reifyNode:node_modules/path-to-regexp Completed in 1187ms
421 http fetch GET 200 https://registry.npmjs.org/fresh/-/fresh-0.5.2.tgz 1035ms (cache miss)
422 http fetch GET 200 https://registry.npmjs.org/on-finished/-/on-finished-2.4.1.tgz 1037ms (cache miss)
423 timing reifyNode:node_modules/parseurl Completed in 1188ms
424 http fetch GET 200 https://registry.npmjs.org/etag/-/etag-1.8.1.tgz 1031ms (cache miss)
425 http fetch GET 200 https://registry.npmjs.org/encodeurl/-/encodeurl-1.0.2.tgz 1025ms (cache miss)
426 http fetch GET 200 https://registry.npmjs.org/array-flatten/-/array-flatten-1.1.1.tgz 1009ms (cache miss)
427 timing reifyNode:node_modules/array-flatten Completed in 1192ms
428 timing reifyNode:node_modules/etag Completed in 1197ms
429 timing reifyNode:node_modules/proxy-addr Completed in 1199ms
430 timing reifyNode:node_modules/methods Completed in 1198ms
431 timing reifyNode:node_modules/fresh Completed in 1199ms
432 timing reifyNode:node_modules/merge-descriptors Completed in 1199ms
433 http fetch GET 200 https://registry.npmjs.org/content-disposition/-/content-disposition-0.5.4.tgz 1021ms (cache miss)
434 http fetch GET 200 https://registry.npmjs.org/content-type/-/content-type-1.0.5.tgz 1032ms (cache miss)
435 http fetch GET 200 https://registry.npmjs.org/accepts/-/accepts-1.3.8.tgz 1018ms (cache miss)
436 http fetch GET 200 https://registry.npmjs.org/ms/-/ms-2.1.3.tgz 1016ms (cache miss)
437 timing reifyNode:node_modules/send/node_modules/ms Completed in 1206ms
438 timing reifyNode:node_modules/safe-buffer Completed in 1216ms
439 timing reifyNode:node_modules/on-finished Completed in 1216ms
440 timing reifyNode:node_modules/http-errors Completed in 1217ms
441 timing reifyNode:node_modules/cookie-signature Completed in 1217ms
442 timing reifyNode:node_modules/encodeurl Completed in 1218ms
443 http fetch GET 200 https://registry.npmjs.org/ipaddr.js/-/ipaddr.js-1.9.1.tgz 1128ms (cache miss)
444 timing reifyNode:node_modules/statuses Completed in 1225ms
445 timing reifyNode:node_modules/content-type Completed in 1224ms
446 timing reifyNode:node_modules/content-disposition Completed in 1225ms
447 timing reifyNode:node_modules/setprototypeof Completed in 1237ms
448 timing reifyNode:node_modules/accepts Completed in 1241ms
449 timing reifyNode:node_modules/ipaddr.js Completed in 1256ms
450 http fetch GET 200 https://registry.npmjs.org/raw-body/-/raw-body-2.5.1.tgz 1147ms (cache miss)
451 http fetch GET 200 https://registry.npmjs.org/safer-buffer/-/safer-buffer-2.1.2.tgz 1155ms (cache miss)
452 timing reifyNode:node_modules/send Completed in 1256ms
453 timing reifyNode:node_modules/finalhandler Completed in 1255ms
454 http fetch GET 200 https://registry.npmjs.org/cookie/-/cookie-0.5.0.tgz 1085ms (cache miss)
455 http fetch GET 200 https://registry.npmjs.org/depd/-/depd-2.0.0.tgz 1099ms (cache miss)
456 http fetch GET 200 https://registry.npmjs.org/gopd/-/gopd-1.0.1.tgz 1208ms (cache miss)
457 timing reifyNode:node_modules/raw-body Completed in 1272ms
458 timing reifyNode:node_modules/safer-buffer Completed in 1274ms
459 timing reifyNode:node_modules/cookie Completed in 1273ms
460 timing reifyNode:node_modules/depd Completed in 1279ms
461 http fetch GET 200 https://registry.npmjs.org/serve-static/-/serve-static-1.15.0.tgz 1144ms (cache miss)
462 timing reifyNode:node_modules/serve-static Completed in 1281ms
463 http fetch GET 200 https://registry.npmjs.org/mime-db/-/mime-db-1.52.0.tgz 1181ms (cache miss)
464 timing reifyNode:node_modules/gopd Completed in 1291ms
465 http fetch GET 200 https://registry.npmjs.org/has-property-descriptors/-/has-property-descriptors-1.0.2.tgz 1226ms (cache miss)
466 http fetch GET 200 https://registry.npmjs.org/get-intrinsic/-/get-intrinsic-1.2.4.tgz 1207ms (cache miss)
467 timing reifyNode:node_modules/mime-db Completed in 1299ms
468 http fetch GET 200 https://registry.npmjs.org/negotiator/-/negotiator-0.6.3.tgz 1189ms (cache miss)
469 http fetch GET 200 https://registry.npmjs.org/has-proto/-/has-proto-1.0.3.tgz 1231ms (cache miss)
470 timing reifyNode:node_modules/has-property-descriptors Completed in 1313ms
471 timing reifyNode:node_modules/get-intrinsic Completed in 1312ms
472 http fetch GET 200 https://registry.npmjs.org/side-channel/-/side-channel-1.0.5.tgz 1221ms (cache miss)
473 timing reifyNode:node_modules/hasown Completed in 1318ms
474 timing reifyNode:node_modules/has-proto Completed in 1321ms
475 timing reifyNode:node_modules/negotiator Completed in 1319ms
476 http fetch GET 200 https://registry.npmjs.org/es-define-property/-/es-define-property-1.0.0.tgz 1244ms (cache miss)
477 timing reifyNode:node_modules/side-channel Completed in 1324ms
478 http fetch GET 200 https://registry.npmjs.org/mime/-/mime-1.6.0.tgz 1233ms (cache miss)
479 http fetch GET 200 https://registry.npmjs.org/define-data-property/-/define-data-property-1.1.4.tgz 1262ms (cache miss)
480 timing reifyNode:node_modules/mime Completed in 1334ms
481 timing reifyNode:node_modules/es-define-property Completed in 1335ms
482 http fetch GET 200 https://registry.npmjs.org/call-bind/-/call-bind-1.0.7.tgz 1247ms (cache miss)
483 timing reifyNode:node_modules/define-data-property Completed in 1345ms
484 http fetch GET 200 https://registry.npmjs.org/function-bind/-/function-bind-1.1.2.tgz 1265ms (cache miss)
485 timing reifyNode:node_modules/call-bind Completed in 1347ms
486 timing reifyNode:node_modules/function-bind Completed in 1354ms
487 http fetch GET 200 https://registry.npmjs.org/has-symbols/-/has-symbols-1.0.3.tgz 1287ms (cache miss)
488 http fetch GET 200 https://registry.npmjs.org/set-function-length/-/set-function-length-1.2.1.tgz 1280ms (cache miss)
489 timing reifyNode:node_modules/has-symbols Completed in 1371ms
490 http fetch GET 200 https://registry.npmjs.org/body-parser/-/body-parser-1.20.1.tgz 1185ms (cache miss)
491 timing reifyNode:node_modules/set-function-length Completed in 1374ms
492 timing reifyNode:node_modules/body-parser Completed in 1374ms
493 http fetch GET 200 https://registry.npmjs.org/debug/-/debug-2.6.9.tgz 1234ms (cache miss)
494 timing reifyNode:node_modules/debug Completed in 1405ms
495 http fetch GET 200 https://registry.npmjs.org/es-errors/-/es-errors-1.3.0.tgz 1342ms (cache miss)
496 timing reifyNode:node_modules/es-errors Completed in 1440ms
497 http fetch GET 200 https://registry.npmjs.org/express/-/express-4.18.2.tgz 1270ms (cache miss)
498 timing reifyNode:node_modules/express Completed in 1450ms
499 http fetch GET 200 https://registry.npmjs.org/qs/-/qs-6.11.0.tgz 1310ms (cache miss)
500 timing reifyNode:node_modules/qs Completed in 1453ms
501 http fetch GET 200 https://registry.npmjs.org/object-inspect/-/object-inspect-1.13.1.tgz 1402ms (cache miss)
502 timing reifyNode:node_modules/object-inspect Completed in 1491ms
503 http fetch GET 200 https://registry.npmjs.org/iconv-lite/-/iconv-lite-0.4.24.tgz 1414ms (cache miss)
504 timing reifyNode:node_modules/iconv-lite Completed in 1532ms
505 timing reify:unpack Completed in 1537ms
506 timing reify:unretire Completed in 0ms
507 timing build:queue Completed in 17ms
508 timing build:link:node_modules/mime Completed in 38ms
509 timing build:link Completed in 38ms
510 timing build:deps Completed in 60ms
511 timing build Completed in 62ms
512 timing reify:build Completed in 68ms
513 timing reify:trash Completed in 0ms
514 timing reify:save Completed in 88ms
515 timing reify Completed in 4054ms
516 silly ADD node_modules/media-typer
517 silly ADD node_modules/has-property-descriptors
518 silly ADD node_modules/gopd
519 silly ADD node_modules/define-data-property
520 silly ADD node_modules/hasown
521 silly ADD node_modules/has-symbols
522 silly ADD node_modules/has-proto
523 silly ADD node_modules/set-function-length
524 silly ADD node_modules/function-bind
525 silly ADD node_modules/es-define-property
526 silly ADD node_modules/object-inspect
527 silly ADD node_modules/get-intrinsic
528 silly ADD node_modules/es-errors
529 silly ADD node_modules/call-bind
530 silly ADD node_modules/mime
531 silly ADD node_modules/side-channel
532 silly ADD node_modules/ipaddr.js
533 silly ADD node_modules/forwarded
534 silly ADD node_modules/ee-first
535 silly ADD node_modules/mime-db
536 silly ADD node_modules/safer-buffer
537 silly ADD node_modules/toidentifier
538 silly ADD node_modules/inherits
539 silly ADD node_modules/ms
540 silly ADD node_modules/unpipe
541 silly ADD node_modules/raw-body
542 silly ADD node_modules/iconv-lite
543 silly ADD node_modules/destroy
544 silly ADD node_modules/bytes
545 silly ADD node_modules/negotiator
546 silly ADD node_modules/mime-types
547 silly ADD node_modules/vary
548 silly ADD node_modules/utils-merge
549 silly ADD node_modules/type-is
550 silly ADD node_modules/statuses
551 silly ADD node_modules/setprototypeof
552 silly ADD node_modules/serve-static
553 silly ADD node_modules/send
554 silly ADD node_modules/send/node_modules/ms
555 silly ADD node_modules/safe-buffer
556 silly ADD node_modules/range-parser
557 silly ADD node_modules/qs
558 silly ADD node_modules/proxy-addr
559 silly ADD node_modules/path-to-regexp
560 silly ADD node_modules/parseurl
561 silly ADD node_modules/on-finished
562 silly ADD node_modules/methods
563 silly ADD node_modules/merge-descriptors
564 silly ADD node_modules/http-errors
565 silly ADD node_modules/fresh
566 silly ADD node_modules/finalhandler
567 silly ADD node_modules/etag
568 silly ADD node_modules/escape-html
569 silly ADD node_modules/encodeurl
570 silly ADD node_modules/depd
571 silly ADD node_modules/debug
572 silly ADD node_modules/cookie-signature
573 silly ADD node_modules/cookie
574 silly ADD node_modules/content-type
575 silly ADD node_modules/content-disposition
576 silly ADD node_modules/body-parser
577 silly ADD node_modules/array-flatten
578 silly ADD node_modules/accepts
579 silly ADD node_modules/express
580 timing command:install Completed in 4068ms
581 verbose exit 0
582 timing npm Completed in 4687ms
583 info ok
