0 verbose cli C:\Users\abel1\node.exe C:\Users\abel1\AppData\Roaming\npm\node_modules\npm\bin\npm-cli.js
1 info using npm@10.4.0
2 info using node@v20.11.0
3 timing npm:load:whichnode Completed in 3ms
4 timing config:load:defaults Completed in 3ms
5 timing config:load:file:C:\Users\abel1\AppData\Roaming\npm\node_modules\npm\npmrc Completed in 4ms
6 timing config:load:builtin Completed in 5ms
7 timing config:load:cli Completed in 1ms
8 timing config:load:env Completed in 1ms
9 timing config:load:project Completed in 3ms
10 timing config:load:file:C:\Users\abel1\.npmrc Completed in 1ms
11 timing config:load:user Completed in 1ms
12 timing config:load:file:C:\Users\abel1\AppData\Roaming\npm\etc\npmrc Completed in 0ms
13 timing config:load:global Completed in 1ms
14 timing config:load:setEnvs Completed in 1ms
15 timing config:load Completed in 16ms
16 timing npm:load:configload Completed in 16ms
17 timing config:load:flatten Completed in 3ms
18 timing npm:load:mkdirpcache Completed in 1ms
19 timing npm:load:mkdirplogs Completed in 1ms
20 verbose title npm init
21 verbose argv "init"
22 timing npm:load:setTitle Completed in 1ms
23 timing npm:load:display Completed in 1ms
24 verbose logfile logs-max:10 dir:C:\Users\abel1\Desktop\AbeGarageAppProject\CodeBase\Abegarage_main\backend\C\_logs\2024-02-23T18_29_44_938Z-
25 verbose logfile C:\Users\abel1\Desktop\AbeGarageAppProject\CodeBase\Abegarage_main\backend\C\_logs\2024-02-23T18_29_44_938Z-debug-0.log
26 timing npm:load:logFile Completed in 14ms
27 timing npm:load:timers Completed in 0ms
28 timing npm:load:configScope Completed in 0ms
29 timing npm:load Completed in 71ms
30 silly logfile done cleaning log files
31 http fetch GET 200 https://registry.npmjs.org/npm 1634ms
32 silly package data {
32 silly package data   name: 'backend',
32 silly package data   version: '1.0.0',
32 silly package data   description: 'Main garage back end ',
32 silly package data   main: 'app.js',
32 silly package data   scripts: { test: 'echo "Error: no test specified" && exit 1' },
32 silly package data   author: '',
32 silly package data   license: 'ISC'
32 silly package data }
33 timing command:init Completed in 87281ms
34 verbose exit 0
35 timing npm Completed in 87711ms
36 info ok
