0 verbose cli C:\Users\abel1\node.exe C:\Users\abel1\AppData\Roaming\npm\node_modules\npm\bin\npm-cli.js
1 info using npm@10.4.0
2 info using node@v20.11.0
3 timing npm:load:whichnode Completed in 2ms
4 timing config:load:defaults Completed in 3ms
5 timing config:load:file:C:\Users\abel1\AppData\Roaming\npm\node_modules\npm\npmrc Completed in 8ms
6 timing config:load:builtin Completed in 8ms
7 timing config:load:cli Completed in 3ms
8 timing config:load:env Completed in 0ms
9 timing config:load:file:C:\Users\abel1\Desktop\AbeGarageAppProject\CodeBase\Abegarage_main\backend\.npmrc Completed in 0ms
10 timing config:load:project Completed in 2ms
11 timing config:load:file:C:\Users\abel1\.npmrc Completed in 1ms
12 timing config:load:user Completed in 1ms
13 timing config:load:file:C:\Users\abel1\AppData\Roaming\npm\etc\npmrc Completed in 1ms
14 timing config:load:global Completed in 1ms
15 timing config:load:setEnvs Completed in 1ms
16 timing config:load Completed in 20ms
17 timing npm:load:configload Completed in 20ms
18 timing config:load:flatten Completed in 2ms
19 timing npm:load:mkdirpcache Completed in 1ms
20 timing npm:load:mkdirplogs Completed in 1ms
21 verbose title npm i nodemon
22 verbose argv "i" "nodemon"
23 timing npm:load:setTitle Completed in 2ms
24 timing npm:load:display Completed in 1ms
25 verbose logfile logs-max:10 dir:C:\Users\abel1\Desktop\AbeGarageAppProject\CodeBase\Abegarage_main\backend\C\_logs\2024-02-28T01_40_59_289Z-
26 verbose logfile C:\Users\abel1\Desktop\AbeGarageAppProject\CodeBase\Abegarage_main\backend\C\_logs\2024-02-28T01_40_59_289Z-debug-0.log
27 timing npm:load:logFile Completed in 14ms
28 timing npm:load:timers Completed in 1ms
29 timing npm:load:configScope Completed in 0ms
30 timing npm:load Completed in 94ms
31 timing arborist:ctor Completed in 1ms
32 silly logfile done cleaning log files
33 timing idealTree:init Completed in 63ms
34 timing idealTree:userRequests Completed in 2ms
35 silly idealTree buildDeps
36 silly fetch manifest nodemon@*
37 timing arborist:ctor Completed in 0ms
38 http fetch GET 200 https://registry.npmjs.org/nodemon 219ms (cache miss)
39 silly placeDep ROOT nodemon@3.1.0 OK for: backend@1.0.0 want: *
40 silly fetch manifest chokidar@^3.5.2
41 silly fetch manifest debug@^4
42 silly fetch manifest ignore-by-default@^1.0.1
43 silly fetch manifest minimatch@^3.1.2
44 silly fetch manifest pstree.remy@^1.1.8
45 silly fetch manifest semver@^7.5.3
46 silly fetch manifest simple-update-notifier@^2.0.0
47 silly fetch manifest supports-color@^5.5.0
48 silly fetch manifest touch@^3.1.0
49 silly fetch manifest undefsafe@^2.0.5
50 http fetch GET 200 https://registry.npmjs.org/debug 52ms (cache hit)
51 http fetch GET 200 https://registry.npmjs.org/chokidar 82ms (cache miss)
52 http fetch GET 200 https://registry.npmjs.org/minimatch 206ms (cache miss)
53 http fetch GET 200 https://registry.npmjs.org/pstree.remy 222ms (cache miss)
54 http fetch GET 200 https://registry.npmjs.org/touch 226ms (cache miss)
55 http fetch GET 200 https://registry.npmjs.org/undefsafe 245ms (cache miss)
56 http fetch GET 200 https://registry.npmjs.org/simple-update-notifier 251ms (cache miss)
57 http fetch GET 200 https://registry.npmjs.org/ignore-by-default 259ms (cache miss)
58 http fetch GET 200 https://registry.npmjs.org/semver 265ms (cache miss)
59 http fetch GET 200 https://registry.npmjs.org/supports-color 292ms (cache miss)
60 timing idealTree:#root Completed in 540ms
61 silly placeDep ROOT chokidar@3.6.0 OK for: nodemon@3.1.0 want: ^3.5.2
62 silly placeDep node_modules/nodemon debug@4.3.4 OK for: nodemon@3.1.0 want: ^4
63 silly placeDep ROOT ignore-by-default@1.0.1 OK for: nodemon@3.1.0 want: ^1.0.1
64 silly placeDep ROOT minimatch@3.1.2 OK for: nodemon@3.1.0 want: ^3.1.2
65 silly placeDep ROOT pstree.remy@1.1.8 OK for: nodemon@3.1.0 want: ^1.1.8
66 silly placeDep ROOT semver@7.6.0 OK for: nodemon@3.1.0 want: ^7.5.3
67 silly placeDep ROOT simple-update-notifier@2.0.0 OK for: nodemon@3.1.0 want: ^2.0.0
68 silly placeDep ROOT supports-color@5.5.0 OK for: nodemon@3.1.0 want: ^5.5.0
69 silly placeDep ROOT touch@3.1.0 OK for: nodemon@3.1.0 want: ^3.1.0
70 silly placeDep ROOT undefsafe@2.0.5 OK for: nodemon@3.1.0 want: ^2.0.5
71 silly fetch manifest anymatch@~3.1.2
72 silly fetch manifest braces@~3.0.2
73 silly fetch manifest glob-parent@~5.1.2
74 silly fetch manifest is-binary-path@~2.1.0
75 silly fetch manifest is-glob@~4.0.1
76 silly fetch manifest normalize-path@~3.0.0
77 silly fetch manifest readdirp@~3.6.0
78 silly fetch manifest fsevents@~2.3.2
79 silly fetch manifest ms@2.1.2
80 silly fetch manifest brace-expansion@^1.1.7
81 silly fetch manifest lru-cache@^6.0.0
82 silly fetch manifest has-flag@^3.0.0
83 silly fetch manifest nopt@~1.0.10
84 http fetch GET 200 https://registry.npmjs.org/ms 50ms (cache hit)
85 http fetch GET 200 https://registry.npmjs.org/lru-cache 53ms (cache hit)
86 http fetch GET 200 https://registry.npmjs.org/normalize-path 143ms (cache miss)
87 http fetch GET 200 https://registry.npmjs.org/is-binary-path 147ms (cache miss)
88 http fetch GET 200 https://registry.npmjs.org/anymatch 152ms (cache miss)
89 http fetch GET 200 https://registry.npmjs.org/glob-parent 155ms (cache miss)
90 http fetch GET 200 https://registry.npmjs.org/is-glob 155ms (cache miss)
91 http fetch GET 200 https://registry.npmjs.org/braces 160ms (cache miss)
92 http fetch GET 200 https://registry.npmjs.org/brace-expansion 171ms (cache miss)
93 http fetch GET 200 https://registry.npmjs.org/readdirp 177ms (cache miss)
94 http fetch GET 200 https://registry.npmjs.org/has-flag 182ms (cache miss)
95 http fetch GET 200 https://registry.npmjs.org/fsevents 188ms (cache miss)
96 http fetch GET 200 https://registry.npmjs.org/nopt 187ms (cache miss)
97 timing idealTree:node_modules/nodemon Completed in 226ms
98 silly placeDep ROOT anymatch@3.1.3 OK for: chokidar@3.6.0 want: ~3.1.2
99 silly placeDep ROOT braces@3.0.2 OK for: chokidar@3.6.0 want: ~3.0.2
100 silly placeDep ROOT fsevents@2.3.3 OK for: chokidar@3.6.0 want: ~2.3.2
101 silly placeDep ROOT glob-parent@5.1.2 OK for: chokidar@3.6.0 want: ~5.1.2
102 silly placeDep ROOT is-binary-path@2.1.0 OK for: chokidar@3.6.0 want: ~2.1.0
103 silly placeDep ROOT is-glob@4.0.3 OK for: chokidar@3.6.0 want: ~4.0.1
104 silly placeDep ROOT normalize-path@3.0.0 OK for: chokidar@3.6.0 want: ~3.0.0
105 silly placeDep ROOT readdirp@3.6.0 OK for: chokidar@3.6.0 want: ~3.6.0
106 silly fetch manifest normalize-path@^3.0.0
107 silly fetch manifest picomatch@^2.0.4
108 silly fetch manifest fill-range@^7.0.1
109 silly fetch manifest is-glob@^4.0.1
110 silly fetch manifest binary-extensions@^2.0.0
111 silly fetch manifest is-extglob@^2.1.1
112 silly fetch manifest picomatch@^2.2.1
113 http fetch GET 200 https://registry.npmjs.org/is-extglob 89ms (cache miss)
114 http fetch GET 200 https://registry.npmjs.org/fill-range 95ms (cache miss)
115 http fetch GET 200 https://registry.npmjs.org/binary-extensions 100ms (cache miss)
116 http fetch GET 200 https://registry.npmjs.org/picomatch 100ms (cache miss)
117 http fetch GET 200 https://registry.npmjs.org/picomatch 112ms (cache miss)
118 timing idealTree:node_modules/chokidar Completed in 135ms
119 silly placeDep ROOT picomatch@2.3.1 OK for: anymatch@3.1.3 want: ^2.0.4
120 timing idealTree:node_modules/anymatch Completed in 3ms
121 silly placeDep ROOT fill-range@7.0.1 OK for: braces@3.0.2 want: ^7.0.1
122 silly fetch manifest to-regex-range@^5.0.1
123 http fetch GET 200 https://registry.npmjs.org/to-regex-range 76ms (cache miss)
124 timing idealTree:node_modules/braces Completed in 82ms
125 silly placeDep ROOT to-regex-range@5.0.1 OK for: fill-range@7.0.1 want: ^5.0.1
126 silly fetch manifest is-number@^7.0.0
127 http fetch GET 200 https://registry.npmjs.org/is-number 46ms (cache miss)
128 timing idealTree:node_modules/fill-range Completed in 52ms
129 timing idealTree:node_modules/fsevents Completed in 0ms
130 timing idealTree:node_modules/glob-parent Completed in 0ms
131 timing idealTree:node_modules/ignore-by-default Completed in 0ms
132 silly placeDep ROOT binary-extensions@2.2.0 OK for: is-binary-path@2.1.0 want: ^2.0.0
133 timing idealTree:node_modules/is-binary-path Completed in 2ms
134 timing idealTree:node_modules/binary-extensions Completed in 0ms
135 silly placeDep ROOT is-extglob@2.1.1 OK for: is-glob@4.0.3 want: ^2.1.1
136 timing idealTree:node_modules/is-glob Completed in 2ms
137 timing idealTree:node_modules/is-extglob Completed in 0ms
138 silly placeDep ROOT brace-expansion@1.1.11 OK for: minimatch@3.1.2 want: ^1.1.7
139 silly fetch manifest balanced-match@^1.0.0
140 silly fetch manifest concat-map@0.0.1
141 http fetch GET 200 https://registry.npmjs.org/balanced-match 58ms (cache miss)
142 http fetch GET 200 https://registry.npmjs.org/concat-map 155ms (cache miss)
143 timing idealTree:node_modules/minimatch Completed in 161ms
144 silly placeDep ROOT balanced-match@1.0.2 OK for: brace-expansion@1.1.11 want: ^1.0.0
145 silly placeDep ROOT concat-map@0.0.1 OK for: brace-expansion@1.1.11 want: 0.0.1
146 timing idealTree:node_modules/brace-expansion Completed in 4ms
147 timing idealTree:node_modules/balanced-match Completed in 0ms
148 timing idealTree:node_modules/concat-map Completed in 0ms
149 timing idealTree:node_modules/normalize-path Completed in 0ms
150 timing idealTree:node_modules/picomatch Completed in 0ms
151 timing idealTree:node_modules/pstree.remy Completed in 0ms
152 timing idealTree:node_modules/readdirp Completed in 0ms
153 silly placeDep node_modules/semver lru-cache@6.0.0 OK for: semver@7.6.0 want: ^6.0.0
154 silly fetch manifest yallist@^4.0.0
155 http fetch GET 200 https://registry.npmjs.org/yallist 55ms (cache miss)
156 timing idealTree:node_modules/semver Completed in 61ms
157 timing idealTree:node_modules/simple-update-notifier Completed in 0ms
158 silly placeDep ROOT has-flag@3.0.0 OK for: supports-color@5.5.0 want: ^3.0.0
159 timing idealTree:node_modules/supports-color Completed in 3ms
160 timing idealTree:node_modules/has-flag Completed in 0ms
161 silly placeDep ROOT is-number@7.0.0 OK for: to-regex-range@5.0.1 want: ^7.0.0
162 timing idealTree:node_modules/to-regex-range Completed in 5ms
163 timing idealTree:node_modules/is-number Completed in 0ms
164 silly placeDep ROOT nopt@1.0.10 OK for: touch@3.1.0 want: ~1.0.10
165 silly fetch manifest abbrev@1
166 http fetch GET 200 https://registry.npmjs.org/abbrev 44ms (cache miss)
167 timing idealTree:node_modules/touch Completed in 50ms
168 silly placeDep ROOT abbrev@1.1.1 OK for: nopt@1.0.10 want: 1
169 timing idealTree:node_modules/nopt Completed in 2ms
170 timing idealTree:node_modules/abbrev Completed in 0ms
171 timing idealTree:node_modules/undefsafe Completed in 0ms
172 silly placeDep node_modules/nodemon ms@2.1.2 OK for: debug@4.3.4 want: 2.1.2
173 timing idealTree:node_modules/nodemon/node_modules/debug Completed in 2ms
174 timing idealTree:node_modules/nodemon/node_modules/ms Completed in 0ms
175 silly placeDep ROOT yallist@4.0.0 OK for: lru-cache@6.0.0 want: ^4.0.0
176 timing idealTree:node_modules/semver/node_modules/lru-cache Completed in 2ms
177 timing idealTree:node_modules/yallist Completed in 0ms
178 timing idealTree:buildDeps Completed in 1341ms
179 timing idealTree:fixDepFlags Completed in 3ms
180 timing idealTree Completed in 1415ms
181 timing reify:loadTrees Completed in 1417ms
182 timing reify:diffTrees Completed in 6ms
183 silly reify moves {}
184 timing reify:retireShallow Completed in 2ms
185 timing reify:createSparse Completed in 12ms
186 timing reify:loadBundles Completed in 0ms
187 silly audit bulk request {
187 silly audit   accepts: [ '1.3.8' ],
187 silly audit   'array-flatten': [ '1.1.1' ],
187 silly audit   'body-parser': [ '1.20.1' ],
187 silly audit   bytes: [ '3.1.2' ],
187 silly audit   'call-bind': [ '1.0.7' ],
187 silly audit   'content-disposition': [ '0.5.4' ],
187 silly audit   'content-type': [ '1.0.5' ],
187 silly audit   cookie: [ '0.5.0' ],
187 silly audit   'cookie-signature': [ '1.0.6' ],
187 silly audit   cors: [ '2.8.5' ],
187 silly audit   debug: [ '2.6.9', '4.3.4' ],
187 silly audit   'define-data-property': [ '1.1.4' ],
187 silly audit   denque: [ '2.1.0' ],
187 silly audit   depd: [ '2.0.0' ],
187 silly audit   destroy: [ '1.2.0' ],
187 silly audit   'ee-first': [ '1.1.1' ],
187 silly audit   encodeurl: [ '1.0.2' ],
187 silly audit   'es-define-property': [ '1.0.0' ],
187 silly audit   'es-errors': [ '1.3.0' ],
187 silly audit   'escape-html': [ '1.0.3' ],
187 silly audit   etag: [ '1.8.1' ],
187 silly audit   express: [ '4.18.2' ],
187 silly audit   finalhandler: [ '1.2.0' ],
187 silly audit   forwarded: [ '0.2.0' ],
187 silly audit   fresh: [ '0.5.2' ],
187 silly audit   'function-bind': [ '1.1.2' ],
187 silly audit   'generate-function': [ '2.3.1' ],
187 silly audit   'get-intrinsic': [ '1.2.4' ],
187 silly audit   gopd: [ '1.0.1' ],
187 silly audit   'has-property-descriptors': [ '1.0.2' ],
187 silly audit   'has-proto': [ '1.0.3' ],
187 silly audit   'has-symbols': [ '1.0.3' ],
187 silly audit   hasown: [ '2.0.1' ],
187 silly audit   'http-errors': [ '2.0.0' ],
187 silly audit   'iconv-lite': [ '0.4.24', '0.6.3' ],
187 silly audit   inherits: [ '2.0.4' ],
187 silly audit   'ipaddr.js': [ '1.9.1' ],
187 silly audit   'is-property': [ '1.0.2' ],
187 silly audit   long: [ '5.2.3' ],
187 silly audit   'lru-cache': [ '8.0.5', '7.18.3', '6.0.0' ],
187 silly audit   'media-typer': [ '0.3.0' ],
187 silly audit   'merge-descriptors': [ '1.0.1' ],
187 silly audit   methods: [ '1.1.2' ],
187 silly audit   mime: [ '1.6.0' ],
187 silly audit   'mime-db': [ '1.52.0' ],
187 silly audit   'mime-types': [ '2.1.35' ],
187 silly audit   ms: [ '2.0.0', '2.1.3', '2.1.2' ],
187 silly audit   mysql2: [ '3.9.2' ],
187 silly audit   'named-placeholders': [ '1.1.3' ],
187 silly audit   negotiator: [ '0.6.3' ],
187 silly audit   'object-assign': [ '4.1.1' ],
187 silly audit   'object-inspect': [ '1.13.1' ],
187 silly audit   'on-finished': [ '2.4.1' ],
187 silly audit   parseurl: [ '1.3.3' ],
187 silly audit   'path-to-regexp': [ '0.1.7' ],
187 silly audit   'proxy-addr': [ '2.0.7' ],
187 silly audit   qs: [ '6.11.0' ],
187 silly audit   'range-parser': [ '1.2.1' ],
187 silly audit   'raw-body': [ '2.5.1' ],
187 silly audit   'safe-buffer': [ '5.2.1' ],
187 silly audit   'safer-buffer': [ '2.1.2' ],
187 silly audit   send: [ '0.18.0' ],
187 silly audit   'seq-queue': [ '0.0.5' ],
187 silly audit   'serve-static': [ '1.15.0' ],
187 silly audit   'set-function-length': [ '1.2.1' ],
187 silly audit   setprototypeof: [ '1.2.0' ],
187 silly audit   'side-channel': [ '1.0.5' ],
187 silly audit   sqlstring: [ '2.3.3' ],
187 silly audit   statuses: [ '2.0.1' ],
187 silly audit   toidentifier: [ '1.0.1' ],
187 silly audit   'type-is': [ '1.6.18' ],
187 silly audit   unpipe: [ '1.0.0' ],
187 silly audit   'utils-merge': [ '1.0.1' ],
187 silly audit   vary: [ '1.1.2' ],
187 silly audit   nodemon: [ '3.1.0' ],
187 silly audit   chokidar: [ '3.6.0' ],
187 silly audit   'ignore-by-default': [ '1.0.1' ],
187 silly audit   minimatch: [ '3.1.2' ],
187 silly audit   'pstree.remy': [ '1.1.8' ],
187 silly audit   semver: [ '7.6.0' ],
187 silly audit   'simple-update-notifier': [ '2.0.0' ],
187 silly audit   'supports-color': [ '5.5.0' ],
187 silly audit   touch: [ '3.1.0' ],
187 silly audit   undefsafe: [ '2.0.5' ],
187 silly audit   anymatch: [ '3.1.3' ],
187 silly audit   braces: [ '3.0.2' ],
187 silly audit   fsevents: [ '2.3.3' ],
187 silly audit   'glob-parent': [ '5.1.2' ],
187 silly audit   'is-binary-path': [ '2.1.0' ],
187 silly audit   'is-glob': [ '4.0.3' ],
187 silly audit   'normalize-path': [ '3.0.0' ],
187 silly audit   readdirp: [ '3.6.0' ],
187 silly audit   picomatch: [ '2.3.1' ],
187 silly audit   'fill-range': [ '7.0.1' ],
187 silly audit   'to-regex-range': [ '5.0.1' ],
187 silly audit   'binary-extensions': [ '2.2.0' ],
187 silly audit   'is-extglob': [ '2.1.1' ],
187 silly audit   'brace-expansion': [ '1.1.11' ],
187 silly audit   'balanced-match': [ '1.0.2' ],
187 silly audit   'concat-map': [ '0.0.1' ],
187 silly audit   'has-flag': [ '3.0.0' ],
187 silly audit   'is-number': [ '7.0.0' ],
187 silly audit   nopt: [ '1.0.10' ],
187 silly audit   abbrev: [ '1.1.1' ],
187 silly audit   yallist: [ '4.0.0' ]
187 silly audit }
188 verbose reify failed optional dependency C:\Users\abel1\Desktop\AbeGarageAppProject\CodeBase\Abegarage_main\backend\node_modules\fsevents
189 silly reify mark deleted [
189 silly reify   'C:\\Users\\abel1\\Desktop\\AbeGarageAppProject\\CodeBase\\Abegarage_main\\backend\\node_modules\\fsevents'
189 silly reify ]
190 timing reifyNode:node_modules/fsevents Completed in 21ms
191 silly tarball no local data for yallist@https://registry.npmjs.org/yallist/-/yallist-4.0.0.tgz. Extracting by manifest.
192 silly tarball no local data for nopt@https://registry.npmjs.org/nopt/-/nopt-1.0.10.tgz. Extracting by manifest.
193 silly tarball no local data for abbrev@https://registry.npmjs.org/abbrev/-/abbrev-1.1.1.tgz. Extracting by manifest.
194 silly tarball no local data for is-number@https://registry.npmjs.org/is-number/-/is-number-7.0.0.tgz. Extracting by manifest.
195 silly tarball no local data for balanced-match@https://registry.npmjs.org/balanced-match/-/balanced-match-1.0.2.tgz. Extracting by manifest.
196 silly tarball no local data for has-flag@https://registry.npmjs.org/has-flag/-/has-flag-3.0.0.tgz. Extracting by manifest.
197 silly tarball no local data for brace-expansion@https://registry.npmjs.org/brace-expansion/-/brace-expansion-1.1.11.tgz. Extracting by manifest.
198 silly tarball no local data for concat-map@https://registry.npmjs.org/concat-map/-/concat-map-0.0.1.tgz. Extracting by manifest.
199 silly tarball no local data for is-extglob@https://registry.npmjs.org/is-extglob/-/is-extglob-2.1.1.tgz. Extracting by manifest.
200 silly tarball no local data for fill-range@https://registry.npmjs.org/fill-range/-/fill-range-7.0.1.tgz. Extracting by manifest.
201 silly tarball no local data for to-regex-range@https://registry.npmjs.org/to-regex-range/-/to-regex-range-5.0.1.tgz. Extracting by manifest.
202 silly tarball no local data for picomatch@https://registry.npmjs.org/picomatch/-/picomatch-2.3.1.tgz. Extracting by manifest.
203 silly tarball no local data for readdirp@https://registry.npmjs.org/readdirp/-/readdirp-3.6.0.tgz. Extracting by manifest.
204 silly tarball no local data for normalize-path@https://registry.npmjs.org/normalize-path/-/normalize-path-3.0.0.tgz. Extracting by manifest.
205 silly tarball no local data for is-glob@https://registry.npmjs.org/is-glob/-/is-glob-4.0.3.tgz. Extracting by manifest.
206 silly tarball no local data for is-binary-path@https://registry.npmjs.org/is-binary-path/-/is-binary-path-2.1.0.tgz. Extracting by manifest.
207 silly tarball no local data for binary-extensions@https://registry.npmjs.org/binary-extensions/-/binary-extensions-2.2.0.tgz. Extracting by manifest.
208 silly tarball no local data for glob-parent@https://registry.npmjs.org/glob-parent/-/glob-parent-5.1.2.tgz. Extracting by manifest.
209 silly tarball no local data for braces@https://registry.npmjs.org/braces/-/braces-3.0.2.tgz. Extracting by manifest.
210 silly tarball no local data for anymatch@https://registry.npmjs.org/anymatch/-/anymatch-3.1.3.tgz. Extracting by manifest.
211 silly tarball no local data for touch@https://registry.npmjs.org/touch/-/touch-3.1.0.tgz. Extracting by manifest.
212 silly tarball no local data for undefsafe@https://registry.npmjs.org/undefsafe/-/undefsafe-2.0.5.tgz. Extracting by manifest.
213 silly tarball no local data for supports-color@https://registry.npmjs.org/supports-color/-/supports-color-5.5.0.tgz. Extracting by manifest.
214 silly tarball no local data for simple-update-notifier@https://registry.npmjs.org/simple-update-notifier/-/simple-update-notifier-2.0.0.tgz. Extracting by manifest.
215 silly tarball no local data for pstree.remy@https://registry.npmjs.org/pstree.remy/-/pstree.remy-1.1.8.tgz. Extracting by manifest.
216 silly tarball no local data for semver@https://registry.npmjs.org/semver/-/semver-7.6.0.tgz. Extracting by manifest.
217 silly tarball no local data for chokidar@https://registry.npmjs.org/chokidar/-/chokidar-3.6.0.tgz. Extracting by manifest.
218 silly tarball no local data for ignore-by-default@https://registry.npmjs.org/ignore-by-default/-/ignore-by-default-1.0.1.tgz. Extracting by manifest.
219 silly tarball no local data for minimatch@https://registry.npmjs.org/minimatch/-/minimatch-3.1.2.tgz. Extracting by manifest.
220 silly tarball no local data for nodemon@https://registry.npmjs.org/nodemon/-/nodemon-3.1.0.tgz. Extracting by manifest.
221 silly tarball no local data for ms@https://registry.npmjs.org/ms/-/ms-2.1.2.tgz. Extracting by manifest.
222 silly tarball no local data for lru-cache@https://registry.npmjs.org/lru-cache/-/lru-cache-6.0.0.tgz. Extracting by manifest.
223 silly tarball no local data for debug@https://registry.npmjs.org/debug/-/debug-4.3.4.tgz. Extracting by manifest.
224 http fetch POST 200 https://registry.npmjs.org/-/npm/v1/security/advisories/bulk 307ms
225 timing auditReport:getReport Completed in 313ms
226 silly audit report {}
227 timing auditReport:init Completed in 0ms
228 timing reify:audit Completed in 314ms
229 http fetch GET 200 https://registry.npmjs.org/has-flag/-/has-flag-3.0.0.tgz 677ms (cache miss)
230 http fetch GET 200 https://registry.npmjs.org/concat-map/-/concat-map-0.0.1.tgz 677ms (cache miss)
231 http fetch GET 200 https://registry.npmjs.org/is-number/-/is-number-7.0.0.tgz 702ms (cache miss)
232 timing reifyNode:node_modules/has-flag Completed in 757ms
233 timing reifyNode:node_modules/is-number Completed in 759ms
234 http fetch GET 200 https://registry.npmjs.org/brace-expansion/-/brace-expansion-1.1.11.tgz 704ms (cache miss)
235 timing reifyNode:node_modules/brace-expansion Completed in 758ms
236 http fetch GET 200 https://registry.npmjs.org/fill-range/-/fill-range-7.0.1.tgz 717ms (cache miss)
237 http fetch GET 200 https://registry.npmjs.org/is-extglob/-/is-extglob-2.1.1.tgz 729ms (cache miss)
238 timing reifyNode:node_modules/is-extglob Completed in 787ms
239 http fetch GET 200 https://registry.npmjs.org/yallist/-/yallist-4.0.0.tgz 742ms (cache miss)
240 timing reifyNode:node_modules/fill-range Completed in 790ms
241 http fetch GET 200 https://registry.npmjs.org/abbrev/-/abbrev-1.1.1.tgz 746ms (cache miss)
242 timing reifyNode:node_modules/abbrev Completed in 797ms
243 http fetch GET 200 https://registry.npmjs.org/balanced-match/-/balanced-match-1.0.2.tgz 749ms (cache miss)
244 timing reifyNode:node_modules/yallist Completed in 804ms
245 timing reifyNode:node_modules/balanced-match Completed in 822ms
246 http fetch GET 200 https://registry.npmjs.org/normalize-path/-/normalize-path-3.0.0.tgz 759ms (cache miss)
247 timing reifyNode:node_modules/normalize-path Completed in 825ms
248 http fetch GET 200 https://registry.npmjs.org/anymatch/-/anymatch-3.1.3.tgz 750ms (cache miss)
249 http fetch GET 200 https://registry.npmjs.org/is-binary-path/-/is-binary-path-2.1.0.tgz 763ms (cache miss)
250 http fetch GET 200 https://registry.npmjs.org/ms/-/ms-2.1.2.tgz 740ms (cache miss)
251 http fetch GET 200 https://registry.npmjs.org/ignore-by-default/-/ignore-by-default-1.0.1.tgz 746ms (cache miss)
252 timing reifyNode:node_modules/ignore-by-default Completed in 833ms
253 timing reifyNode:node_modules/nodemon/node_modules/ms Completed in 836ms
254 http fetch GET 200 https://registry.npmjs.org/is-glob/-/is-glob-4.0.3.tgz 773ms (cache miss)
255 timing reifyNode:node_modules/is-glob Completed in 841ms
256 http fetch GET 200 https://registry.npmjs.org/supports-color/-/supports-color-5.5.0.tgz 764ms (cache miss)
257 timing reifyNode:node_modules/anymatch Completed in 848ms
258 timing reifyNode:node_modules/is-binary-path Completed in 851ms
259 timing reifyNode:node_modules/supports-color Completed in 864ms
260 http fetch GET 200 https://registry.npmjs.org/touch/-/touch-3.1.0.tgz 787ms (cache miss)
261 http fetch GET 200 https://registry.npmjs.org/glob-parent/-/glob-parent-5.1.2.tgz 796ms (cache miss)
262 timing reifyNode:node_modules/concat-map Completed in 873ms
263 timing reifyNode:node_modules/glob-parent Completed in 875ms
264 timing reifyNode:node_modules/touch Completed in 877ms
265 http fetch GET 200 https://registry.npmjs.org/binary-extensions/-/binary-extensions-2.2.0.tgz 817ms (cache miss)
266 http fetch GET 200 https://registry.npmjs.org/readdirp/-/readdirp-3.6.0.tgz 828ms (cache miss)
267 timing reifyNode:node_modules/readdirp Completed in 892ms
268 http fetch GET 200 https://registry.npmjs.org/lru-cache/-/lru-cache-6.0.0.tgz 801ms (cache miss)
269 timing reifyNode:node_modules/semver/node_modules/lru-cache Completed in 896ms
270 timing reifyNode:node_modules/binary-extensions Completed in 900ms
271 http fetch GET 200 https://registry.npmjs.org/minimatch/-/minimatch-3.1.2.tgz 833ms (cache miss)
272 timing reifyNode:node_modules/minimatch Completed in 921ms
273 http fetch GET 200 https://registry.npmjs.org/undefsafe/-/undefsafe-2.0.5.tgz 844ms (cache miss)
274 http fetch GET 200 https://registry.npmjs.org/to-regex-range/-/to-regex-range-5.0.1.tgz 866ms (cache miss)
275 timing reifyNode:node_modules/to-regex-range Completed in 926ms
276 http fetch GET 200 https://registry.npmjs.org/nopt/-/nopt-1.0.10.tgz 880ms (cache miss)
277 timing reifyNode:node_modules/nopt Completed in 930ms
278 timing reifyNode:node_modules/undefsafe Completed in 932ms
279 http fetch GET 200 https://registry.npmjs.org/debug/-/debug-4.3.4.tgz 854ms (cache miss)
280 timing reifyNode:node_modules/nodemon/node_modules/debug Completed in 948ms
281 http fetch GET 200 https://registry.npmjs.org/pstree.remy/-/pstree.remy-1.1.8.tgz 875ms (cache miss)
282 timing reifyNode:node_modules/pstree.remy Completed in 963ms
283 http fetch GET 200 https://registry.npmjs.org/chokidar/-/chokidar-3.6.0.tgz 885ms (cache miss)
284 timing reifyNode:node_modules/chokidar Completed in 969ms
285 http fetch GET 200 https://registry.npmjs.org/braces/-/braces-3.0.2.tgz 898ms (cache miss)
286 timing reifyNode:node_modules/braces Completed in 973ms
287 http fetch GET 200 https://registry.npmjs.org/simple-update-notifier/-/simple-update-notifier-2.0.0.tgz 892ms (cache miss)
288 timing reifyNode:node_modules/simple-update-notifier Completed in 974ms
289 http fetch GET 200 https://registry.npmjs.org/picomatch/-/picomatch-2.3.1.tgz 917ms (cache miss)
290 timing reifyNode:node_modules/picomatch Completed in 981ms
291 http fetch GET 200 https://registry.npmjs.org/nodemon/-/nodemon-3.1.0.tgz 980ms (cache miss)
292 timing reifyNode:node_modules/nodemon Completed in 1072ms
293 http fetch GET 200 https://registry.npmjs.org/semver/-/semver-7.6.0.tgz 992ms (cache miss)
294 timing reifyNode:node_modules/semver Completed in 1077ms
295 timing reify:unpack Completed in 1082ms
296 timing reify:unretire Completed in 0ms
297 timing build:queue Completed in 3ms
298 timing build:link:node_modules/nopt Completed in 13ms
299 timing build:link:node_modules/semver Completed in 12ms
300 timing build:link:node_modules/nodemon Completed in 14ms
301 timing build:link:node_modules/touch Completed in 13ms
302 timing build:link Completed in 15ms
303 timing build:run:install Completed in 0ms
304 timing build:deps Completed in 19ms
305 timing build Completed in 19ms
306 timing reify:build Completed in 20ms
307 timing reify:trash Completed in 1ms
308 timing reify:save Completed in 56ms
309 timing reify Completed in 2646ms
310 silly ADD node_modules/yallist
311 silly ADD node_modules/abbrev
312 silly ADD node_modules/nopt
313 silly ADD node_modules/is-number
314 silly ADD node_modules/has-flag
315 silly ADD node_modules/concat-map
316 silly ADD node_modules/balanced-match
317 silly ADD node_modules/brace-expansion
318 silly ADD node_modules/is-extglob
319 silly ADD node_modules/binary-extensions
320 silly ADD node_modules/to-regex-range
321 silly ADD node_modules/fill-range
322 silly ADD node_modules/picomatch
323 silly ADD node_modules/readdirp
324 silly ADD node_modules/normalize-path
325 silly ADD node_modules/is-glob
326 silly ADD node_modules/is-binary-path
327 silly ADD node_modules/glob-parent
328 silly ADD
329 silly ADD node_modules/braces
330 silly ADD node_modules/anymatch
331 silly ADD node_modules/undefsafe
332 silly ADD node_modules/touch
333 silly ADD node_modules/supports-color
334 silly ADD node_modules/simple-update-notifier
335 silly ADD node_modules/semver
336 silly ADD node_modules/semver/node_modules/lru-cache
337 silly ADD node_modules/pstree.remy
338 silly ADD node_modules/minimatch
339 silly ADD node_modules/ignore-by-default
340 silly ADD node_modules/chokidar
341 silly ADD node_modules/nodemon
342 silly ADD node_modules/nodemon/node_modules/ms
343 silly ADD node_modules/nodemon/node_modules/debug
344 timing command:i Completed in 2656ms
345 verbose exit 0
346 timing npm Completed in 3266ms
347 info ok
